
*** Running vivado
    with args -log system_hw_conv_0_0.vds -m64 -product Vivado -mode batch -messageDb vivado.pb -notrace -source system_hw_conv_0_0.tcl


****** Vivado v2018.3 (64-bit)
  **** SW Build 2405991 on Thu Dec  6 23:38:27 MST 2018
  **** IP Build 2404404 on Fri Dec  7 01:43:56 MST 2018
    ** Copyright 1986-2018 Xilinx, Inc. All Rights Reserved.

source system_hw_conv_0_0.tcl -notrace
INFO: [IP_Flow 19-234] Refreshing IP repositories
WARNING: [IP_Flow 19-2248] Failed to load user IP repository 'c:/Users/17578/Documents/ECE_1195_Labs/Lab_6/LAB_6/vivado/vivado/ip_repo'; Can't find the specified path.
If this directory should no longer be in your list of user repositories, go to the IP Settings dialog and remove it.
INFO: [IP_Flow 19-1700] Loaded user IP repository 'c:/Users/17578/Documents/ECE_1195_Labs/Lab_6/LAB_6/solution1/impl/ip'.
INFO: [IP_Flow 19-2313] Loaded Vivado IP repository 'C:/Xilinx/Vivado/2018.3/data/ip'.
Command: synth_design -top system_hw_conv_0_0 -part xc7z020clg400-1 -mode out_of_context
Starting synth_design
Attempting to get a license for feature 'Synthesis' and/or device 'xc7z020'
INFO: [Common 17-349] Got license for feature 'Synthesis' and/or device 'xc7z020'
INFO: Launching helper process for spawning children vivado processes
INFO: Helper process launched with PID 36816 
---------------------------------------------------------------------------------
Starting RTL Elaboration : Time (s): cpu = 00:00:05 ; elapsed = 00:00:07 . Memory (MB): peak = 374.941 ; gain = 101.695
---------------------------------------------------------------------------------
INFO: [Synth 8-638] synthesizing module 'system_hw_conv_0_0' [c:/Users/17578/Documents/ECE_1195_Labs/Lab_6/LAB_6/vivado/lab6/lab6.srcs/sources_1/bd/system/ip/system_hw_conv_0_0/synth/system_hw_conv_0_0.vhd:81]
INFO: [Synth 8-3491] module 'hw_conv' declared at 'c:/Users/17578/Documents/ECE_1195_Labs/Lab_6/LAB_6/vivado/lab6/lab6.srcs/sources_1/bd/system/ipshared/6818/hdl/vhdl/hw_conv.vhd:12' bound to instance 'U0' of component 'hw_conv' [c:/Users/17578/Documents/ECE_1195_Labs/Lab_6/LAB_6/vivado/lab6/lab6.srcs/sources_1/bd/system/ip/system_hw_conv_0_0/synth/system_hw_conv_0_0.vhd:146]
INFO: [Synth 8-638] synthesizing module 'hw_conv' [c:/Users/17578/Documents/ECE_1195_Labs/Lab_6/LAB_6/vivado/lab6/lab6.srcs/sources_1/bd/system/ipshared/6818/hdl/vhdl/hw_conv.vhd:37]
INFO: [Synth 8-5534] Detected attribute (* fsm_encoding = "none" *) [c:/Users/17578/Documents/ECE_1195_Labs/Lab_6/LAB_6/vivado/lab6/lab6.srcs/sources_1/bd/system/ipshared/6818/hdl/vhdl/hw_conv.vhd:207]
INFO: [Synth 8-5534] Detected attribute (* fsm_encoding = "none" *) [c:/Users/17578/Documents/ECE_1195_Labs/Lab_6/LAB_6/vivado/lab6/lab6.srcs/sources_1/bd/system/ipshared/6818/hdl/vhdl/hw_conv.vhd:210]
INFO: [Synth 8-5534] Detected attribute (* fsm_encoding = "none" *) [c:/Users/17578/Documents/ECE_1195_Labs/Lab_6/LAB_6/vivado/lab6/lab6.srcs/sources_1/bd/system/ipshared/6818/hdl/vhdl/hw_conv.vhd:217]
INFO: [Synth 8-5534] Detected attribute (* fsm_encoding = "none" *) [c:/Users/17578/Documents/ECE_1195_Labs/Lab_6/LAB_6/vivado/lab6/lab6.srcs/sources_1/bd/system/ipshared/6818/hdl/vhdl/hw_conv.vhd:221]
INFO: [Synth 8-5534] Detected attribute (* fsm_encoding = "none" *) [c:/Users/17578/Documents/ECE_1195_Labs/Lab_6/LAB_6/vivado/lab6/lab6.srcs/sources_1/bd/system/ipshared/6818/hdl/vhdl/hw_conv.vhd:229]
INFO: [Synth 8-5534] Detected attribute (* fsm_encoding = "none" *) [c:/Users/17578/Documents/ECE_1195_Labs/Lab_6/LAB_6/vivado/lab6/lab6.srcs/sources_1/bd/system/ipshared/6818/hdl/vhdl/hw_conv.vhd:246]
INFO: [Synth 8-5534] Detected attribute (* fsm_encoding = "none" *) [c:/Users/17578/Documents/ECE_1195_Labs/Lab_6/LAB_6/vivado/lab6/lab6.srcs/sources_1/bd/system/ipshared/6818/hdl/vhdl/hw_conv.vhd:253]
INFO: [Synth 8-5534] Detected attribute (* fsm_encoding = "none" *) [c:/Users/17578/Documents/ECE_1195_Labs/Lab_6/LAB_6/vivado/lab6/lab6.srcs/sources_1/bd/system/ipshared/6818/hdl/vhdl/hw_conv.vhd:262]
INFO: [Synth 8-5534] Detected attribute (* fsm_encoding = "none" *) [c:/Users/17578/Documents/ECE_1195_Labs/Lab_6/LAB_6/vivado/lab6/lab6.srcs/sources_1/bd/system/ipshared/6818/hdl/vhdl/hw_conv.vhd:276]
INFO: [Synth 8-5534] Detected attribute (* fsm_encoding = "none" *) [c:/Users/17578/Documents/ECE_1195_Labs/Lab_6/LAB_6/vivado/lab6/lab6.srcs/sources_1/bd/system/ipshared/6818/hdl/vhdl/hw_conv.vhd:282]
INFO: [Synth 8-5534] Detected attribute (* fsm_encoding = "none" *) [c:/Users/17578/Documents/ECE_1195_Labs/Lab_6/LAB_6/vivado/lab6/lab6.srcs/sources_1/bd/system/ipshared/6818/hdl/vhdl/hw_conv.vhd:353]
INFO: [Synth 8-5534] Detected attribute (* fsm_encoding = "none" *) [c:/Users/17578/Documents/ECE_1195_Labs/Lab_6/LAB_6/vivado/lab6/lab6.srcs/sources_1/bd/system/ipshared/6818/hdl/vhdl/hw_conv.vhd:357]
INFO: [Synth 8-5534] Detected attribute (* fsm_encoding = "none" *) [c:/Users/17578/Documents/ECE_1195_Labs/Lab_6/LAB_6/vivado/lab6/lab6.srcs/sources_1/bd/system/ipshared/6818/hdl/vhdl/hw_conv.vhd:361]
INFO: [Synth 8-5534] Detected attribute (* fsm_encoding = "none" *) [c:/Users/17578/Documents/ECE_1195_Labs/Lab_6/LAB_6/vivado/lab6/lab6.srcs/sources_1/bd/system/ipshared/6818/hdl/vhdl/hw_conv.vhd:365]
INFO: [Synth 8-5534] Detected attribute (* fsm_encoding = "none" *) [c:/Users/17578/Documents/ECE_1195_Labs/Lab_6/LAB_6/vivado/lab6/lab6.srcs/sources_1/bd/system/ipshared/6818/hdl/vhdl/hw_conv.vhd:369]
INFO: [Synth 8-5534] Detected attribute (* fsm_encoding = "none" *) [c:/Users/17578/Documents/ECE_1195_Labs/Lab_6/LAB_6/vivado/lab6/lab6.srcs/sources_1/bd/system/ipshared/6818/hdl/vhdl/hw_conv.vhd:373]
INFO: [Synth 8-5534] Detected attribute (* fsm_encoding = "none" *) [c:/Users/17578/Documents/ECE_1195_Labs/Lab_6/LAB_6/vivado/lab6/lab6.srcs/sources_1/bd/system/ipshared/6818/hdl/vhdl/hw_conv.vhd:377]
INFO: [Synth 8-5534] Detected attribute (* fsm_encoding = "none" *) [c:/Users/17578/Documents/ECE_1195_Labs/Lab_6/LAB_6/vivado/lab6/lab6.srcs/sources_1/bd/system/ipshared/6818/hdl/vhdl/hw_conv.vhd:381]
INFO: [Synth 8-5534] Detected attribute (* fsm_encoding = "none" *) [c:/Users/17578/Documents/ECE_1195_Labs/Lab_6/LAB_6/vivado/lab6/lab6.srcs/sources_1/bd/system/ipshared/6818/hdl/vhdl/hw_conv.vhd:385]
INFO: [Synth 8-5534] Detected attribute (* fsm_encoding = "none" *) [c:/Users/17578/Documents/ECE_1195_Labs/Lab_6/LAB_6/vivado/lab6/lab6.srcs/sources_1/bd/system/ipshared/6818/hdl/vhdl/hw_conv.vhd:389]
INFO: [Synth 8-5534] Detected attribute (* fsm_encoding = "none" *) [c:/Users/17578/Documents/ECE_1195_Labs/Lab_6/LAB_6/vivado/lab6/lab6.srcs/sources_1/bd/system/ipshared/6818/hdl/vhdl/hw_conv.vhd:399]
INFO: [Synth 8-5534] Detected attribute (* fsm_encoding = "none" *) [c:/Users/17578/Documents/ECE_1195_Labs/Lab_6/LAB_6/vivado/lab6/lab6.srcs/sources_1/bd/system/ipshared/6818/hdl/vhdl/hw_conv.vhd:403]
INFO: [Synth 8-5534] Detected attribute (* fsm_encoding = "none" *) [c:/Users/17578/Documents/ECE_1195_Labs/Lab_6/LAB_6/vivado/lab6/lab6.srcs/sources_1/bd/system/ipshared/6818/hdl/vhdl/hw_conv.vhd:407]
INFO: [Synth 8-5534] Detected attribute (* fsm_encoding = "none" *) [c:/Users/17578/Documents/ECE_1195_Labs/Lab_6/LAB_6/vivado/lab6/lab6.srcs/sources_1/bd/system/ipshared/6818/hdl/vhdl/hw_conv.vhd:411]
INFO: [Synth 8-5534] Detected attribute (* fsm_encoding = "none" *) [c:/Users/17578/Documents/ECE_1195_Labs/Lab_6/LAB_6/vivado/lab6/lab6.srcs/sources_1/bd/system/ipshared/6818/hdl/vhdl/hw_conv.vhd:415]
INFO: [Synth 8-5534] Detected attribute (* fsm_encoding = "none" *) [c:/Users/17578/Documents/ECE_1195_Labs/Lab_6/LAB_6/vivado/lab6/lab6.srcs/sources_1/bd/system/ipshared/6818/hdl/vhdl/hw_conv.vhd:419]
INFO: [Synth 8-5534] Detected attribute (* fsm_encoding = "none" *) [c:/Users/17578/Documents/ECE_1195_Labs/Lab_6/LAB_6/vivado/lab6/lab6.srcs/sources_1/bd/system/ipshared/6818/hdl/vhdl/hw_conv.vhd:423]
INFO: [Synth 8-5534] Detected attribute (* fsm_encoding = "none" *) [c:/Users/17578/Documents/ECE_1195_Labs/Lab_6/LAB_6/vivado/lab6/lab6.srcs/sources_1/bd/system/ipshared/6818/hdl/vhdl/hw_conv.vhd:427]
INFO: [Synth 8-5534] Detected attribute (* fsm_encoding = "none" *) [c:/Users/17578/Documents/ECE_1195_Labs/Lab_6/LAB_6/vivado/lab6/lab6.srcs/sources_1/bd/system/ipshared/6818/hdl/vhdl/hw_conv.vhd:432]
	Parameter DataWidth bound to: 8 - type: integer 
	Parameter AddressRange bound to: 509 - type: integer 
	Parameter AddressWidth bound to: 9 - type: integer 
INFO: [Synth 8-3491] module 'hw_conv_lbuf_0' declared at 'c:/Users/17578/Documents/ECE_1195_Labs/Lab_6/LAB_6/vivado/lab6/lab6.srcs/sources_1/bd/system/ipshared/6818/hdl/vhdl/hw_conv_lbuf_0.vhd:75' bound to instance 'lbuf_0_U' of component 'hw_conv_lbuf_0' [c:/Users/17578/Documents/ECE_1195_Labs/Lab_6/LAB_6/vivado/lab6/lab6.srcs/sources_1/bd/system/ipshared/6818/hdl/vhdl/hw_conv.vhd:498]
INFO: [Synth 8-638] synthesizing module 'hw_conv_lbuf_0' [c:/Users/17578/Documents/ECE_1195_Labs/Lab_6/LAB_6/vivado/lab6/lab6.srcs/sources_1/bd/system/ipshared/6818/hdl/vhdl/hw_conv_lbuf_0.vhd:90]
	Parameter DataWidth bound to: 8 - type: integer 
	Parameter AddressRange bound to: 509 - type: integer 
	Parameter AddressWidth bound to: 9 - type: integer 
INFO: [Synth 8-3491] module 'hw_conv_lbuf_0_ram' declared at 'c:/Users/17578/Documents/ECE_1195_Labs/Lab_6/LAB_6/vivado/lab6/lab6.srcs/sources_1/bd/system/ipshared/6818/hdl/vhdl/hw_conv_lbuf_0.vhd:13' bound to instance 'hw_conv_lbuf_0_ram_U' of component 'hw_conv_lbuf_0_ram' [c:/Users/17578/Documents/ECE_1195_Labs/Lab_6/LAB_6/vivado/lab6/lab6.srcs/sources_1/bd/system/ipshared/6818/hdl/vhdl/hw_conv_lbuf_0.vhd:104]
INFO: [Synth 8-638] synthesizing module 'hw_conv_lbuf_0_ram' [c:/Users/17578/Documents/ECE_1195_Labs/Lab_6/LAB_6/vivado/lab6/lab6.srcs/sources_1/bd/system/ipshared/6818/hdl/vhdl/hw_conv_lbuf_0.vhd:31]
	Parameter MEM_TYPE bound to: block - type: string 
	Parameter DWIDTH bound to: 8 - type: integer 
	Parameter AWIDTH bound to: 9 - type: integer 
	Parameter MEM_SIZE bound to: 509 - type: integer 
INFO: [Synth 8-256] done synthesizing module 'hw_conv_lbuf_0_ram' (1#1) [c:/Users/17578/Documents/ECE_1195_Labs/Lab_6/LAB_6/vivado/lab6/lab6.srcs/sources_1/bd/system/ipshared/6818/hdl/vhdl/hw_conv_lbuf_0.vhd:31]
INFO: [Synth 8-256] done synthesizing module 'hw_conv_lbuf_0' (2#1) [c:/Users/17578/Documents/ECE_1195_Labs/Lab_6/LAB_6/vivado/lab6/lab6.srcs/sources_1/bd/system/ipshared/6818/hdl/vhdl/hw_conv_lbuf_0.vhd:90]
	Parameter DataWidth bound to: 8 - type: integer 
	Parameter AddressRange bound to: 509 - type: integer 
	Parameter AddressWidth bound to: 9 - type: integer 
INFO: [Synth 8-3491] module 'hw_conv_lbuf_0' declared at 'c:/Users/17578/Documents/ECE_1195_Labs/Lab_6/LAB_6/vivado/lab6/lab6.srcs/sources_1/bd/system/ipshared/6818/hdl/vhdl/hw_conv_lbuf_0.vhd:75' bound to instance 'lbuf_1_U' of component 'hw_conv_lbuf_0' [c:/Users/17578/Documents/ECE_1195_Labs/Lab_6/LAB_6/vivado/lab6/lab6.srcs/sources_1/bd/system/ipshared/6818/hdl/vhdl/hw_conv.vhd:512]
	Parameter ID bound to: 1 - type: integer 
	Parameter NUM_STAGE bound to: 14 - type: integer 
	Parameter din0_WIDTH bound to: 10 - type: integer 
	Parameter din1_WIDTH bound to: 10 - type: integer 
	Parameter dout_WIDTH bound to: 10 - type: integer 
INFO: [Synth 8-3491] module 'hw_conv_srem_10nsbkb' declared at 'c:/Users/17578/Documents/ECE_1195_Labs/Lab_6/LAB_6/vivado/lab6/lab6.srcs/sources_1/bd/system/ipshared/6818/hdl/vhdl/hw_conv_srem_10nsbkb.vhd:199' bound to instance 'hw_conv_srem_10nsbkb_U1' of component 'hw_conv_srem_10nsbkb' [c:/Users/17578/Documents/ECE_1195_Labs/Lab_6/LAB_6/vivado/lab6/lab6.srcs/sources_1/bd/system/ipshared/6818/hdl/vhdl/hw_conv.vhd:526]
INFO: [Synth 8-638] synthesizing module 'hw_conv_srem_10nsbkb' [c:/Users/17578/Documents/ECE_1195_Labs/Lab_6/LAB_6/vivado/lab6/lab6.srcs/sources_1/bd/system/ipshared/6818/hdl/vhdl/hw_conv_srem_10nsbkb.vhd:215]
	Parameter ID bound to: 1 - type: integer 
	Parameter NUM_STAGE bound to: 14 - type: integer 
	Parameter din0_WIDTH bound to: 10 - type: integer 
	Parameter din1_WIDTH bound to: 10 - type: integer 
	Parameter dout_WIDTH bound to: 10 - type: integer 
	Parameter in0_WIDTH bound to: 10 - type: integer 
	Parameter in1_WIDTH bound to: 10 - type: integer 
	Parameter out_WIDTH bound to: 10 - type: integer 
INFO: [Synth 8-3491] module 'hw_conv_srem_10nsbkb_div' declared at 'c:/Users/17578/Documents/ECE_1195_Labs/Lab_6/LAB_6/vivado/lab6/lab6.srcs/sources_1/bd/system/ipshared/6818/hdl/vhdl/hw_conv_srem_10nsbkb.vhd:95' bound to instance 'hw_conv_srem_10nsbkb_div_U' of component 'hw_conv_srem_10nsbkb_div' [c:/Users/17578/Documents/ECE_1195_Labs/Lab_6/LAB_6/vivado/lab6/lab6.srcs/sources_1/bd/system/ipshared/6818/hdl/vhdl/hw_conv_srem_10nsbkb.vhd:236]
INFO: [Synth 8-638] synthesizing module 'hw_conv_srem_10nsbkb_div' [c:/Users/17578/Documents/ECE_1195_Labs/Lab_6/LAB_6/vivado/lab6/lab6.srcs/sources_1/bd/system/ipshared/6818/hdl/vhdl/hw_conv_srem_10nsbkb.vhd:110]
	Parameter in0_WIDTH bound to: 10 - type: integer 
	Parameter in1_WIDTH bound to: 10 - type: integer 
	Parameter out_WIDTH bound to: 10 - type: integer 
	Parameter in0_WIDTH bound to: 10 - type: integer 
	Parameter in1_WIDTH bound to: 10 - type: integer 
	Parameter out_WIDTH bound to: 10 - type: integer 
INFO: [Synth 8-3491] module 'hw_conv_srem_10nsbkb_div_u' declared at 'c:/Users/17578/Documents/ECE_1195_Labs/Lab_6/LAB_6/vivado/lab6/lab6.srcs/sources_1/bd/system/ipshared/6818/hdl/vhdl/hw_conv_srem_10nsbkb.vhd:12' bound to instance 'hw_conv_srem_10nsbkb_div_u_0' of component 'hw_conv_srem_10nsbkb_div_u' [c:/Users/17578/Documents/ECE_1195_Labs/Lab_6/LAB_6/vivado/lab6/lab6.srcs/sources_1/bd/system/ipshared/6818/hdl/vhdl/hw_conv_srem_10nsbkb.vhd:137]
INFO: [Synth 8-638] synthesizing module 'hw_conv_srem_10nsbkb_div_u' [c:/Users/17578/Documents/ECE_1195_Labs/Lab_6/LAB_6/vivado/lab6/lab6.srcs/sources_1/bd/system/ipshared/6818/hdl/vhdl/hw_conv_srem_10nsbkb.vhd:37]
	Parameter in0_WIDTH bound to: 10 - type: integer 
	Parameter in1_WIDTH bound to: 10 - type: integer 
	Parameter out_WIDTH bound to: 10 - type: integer 
WARNING: [Synth 8-6014] Unused sequential element run_proc[9].divisor_tmp_reg[10] was removed.  [c:/Users/17578/Documents/ECE_1195_Labs/Lab_6/LAB_6/vivado/lab6/lab6.srcs/sources_1/bd/system/ipshared/6818/hdl/vhdl/hw_conv_srem_10nsbkb.vhd:70]
INFO: [Synth 8-256] done synthesizing module 'hw_conv_srem_10nsbkb_div_u' (3#1) [c:/Users/17578/Documents/ECE_1195_Labs/Lab_6/LAB_6/vivado/lab6/lab6.srcs/sources_1/bd/system/ipshared/6818/hdl/vhdl/hw_conv_srem_10nsbkb.vhd:37]
INFO: [Synth 8-256] done synthesizing module 'hw_conv_srem_10nsbkb_div' (4#1) [c:/Users/17578/Documents/ECE_1195_Labs/Lab_6/LAB_6/vivado/lab6/lab6.srcs/sources_1/bd/system/ipshared/6818/hdl/vhdl/hw_conv_srem_10nsbkb.vhd:110]
INFO: [Synth 8-256] done synthesizing module 'hw_conv_srem_10nsbkb' (5#1) [c:/Users/17578/Documents/ECE_1195_Labs/Lab_6/LAB_6/vivado/lab6/lab6.srcs/sources_1/bd/system/ipshared/6818/hdl/vhdl/hw_conv_srem_10nsbkb.vhd:215]
	Parameter ID bound to: 1 - type: integer 
	Parameter NUM_STAGE bound to: 14 - type: integer 
	Parameter din0_WIDTH bound to: 10 - type: integer 
	Parameter din1_WIDTH bound to: 10 - type: integer 
	Parameter dout_WIDTH bound to: 10 - type: integer 
INFO: [Synth 8-3491] module 'hw_conv_srem_10nsbkb' declared at 'c:/Users/17578/Documents/ECE_1195_Labs/Lab_6/LAB_6/vivado/lab6/lab6.srcs/sources_1/bd/system/ipshared/6818/hdl/vhdl/hw_conv_srem_10nsbkb.vhd:199' bound to instance 'hw_conv_srem_10nsbkb_U2' of component 'hw_conv_srem_10nsbkb' [c:/Users/17578/Documents/ECE_1195_Labs/Lab_6/LAB_6/vivado/lab6/lab6.srcs/sources_1/bd/system/ipshared/6818/hdl/vhdl/hw_conv.vhd:541]
	Parameter ID bound to: 1 - type: integer 
	Parameter NUM_STAGE bound to: 14 - type: integer 
	Parameter din0_WIDTH bound to: 10 - type: integer 
	Parameter din1_WIDTH bound to: 10 - type: integer 
	Parameter dout_WIDTH bound to: 10 - type: integer 
INFO: [Synth 8-3491] module 'hw_conv_srem_10nsbkb' declared at 'c:/Users/17578/Documents/ECE_1195_Labs/Lab_6/LAB_6/vivado/lab6/lab6.srcs/sources_1/bd/system/ipshared/6818/hdl/vhdl/hw_conv_srem_10nsbkb.vhd:199' bound to instance 'hw_conv_srem_10nsbkb_U3' of component 'hw_conv_srem_10nsbkb' [c:/Users/17578/Documents/ECE_1195_Labs/Lab_6/LAB_6/vivado/lab6/lab6.srcs/sources_1/bd/system/ipshared/6818/hdl/vhdl/hw_conv.vhd:556]
	Parameter ID bound to: 1 - type: integer 
	Parameter NUM_STAGE bound to: 14 - type: integer 
	Parameter din0_WIDTH bound to: 10 - type: integer 
	Parameter din1_WIDTH bound to: 10 - type: integer 
	Parameter dout_WIDTH bound to: 10 - type: integer 
INFO: [Synth 8-3491] module 'hw_conv_srem_10nsbkb' declared at 'c:/Users/17578/Documents/ECE_1195_Labs/Lab_6/LAB_6/vivado/lab6/lab6.srcs/sources_1/bd/system/ipshared/6818/hdl/vhdl/hw_conv_srem_10nsbkb.vhd:199' bound to instance 'hw_conv_srem_10nsbkb_U4' of component 'hw_conv_srem_10nsbkb' [c:/Users/17578/Documents/ECE_1195_Labs/Lab_6/LAB_6/vivado/lab6/lab6.srcs/sources_1/bd/system/ipshared/6818/hdl/vhdl/hw_conv.vhd:571]
WARNING: [Synth 8-6014] Unused sequential element sout_V_dest_V_1_sel_rd_reg was removed.  [c:/Users/17578/Documents/ECE_1195_Labs/Lab_6/LAB_6/vivado/lab6/lab6.srcs/sources_1/bd/system/ipshared/6818/hdl/vhdl/hw_conv.vhd:754]
WARNING: [Synth 8-6014] Unused sequential element sout_V_id_V_1_sel_rd_reg was removed.  [c:/Users/17578/Documents/ECE_1195_Labs/Lab_6/LAB_6/vivado/lab6/lab6.srcs/sources_1/bd/system/ipshared/6818/hdl/vhdl/hw_conv.vhd:788]
WARNING: [Synth 8-6014] Unused sequential element sout_V_keep_V_1_sel_rd_reg was removed.  [c:/Users/17578/Documents/ECE_1195_Labs/Lab_6/LAB_6/vivado/lab6/lab6.srcs/sources_1/bd/system/ipshared/6818/hdl/vhdl/hw_conv.vhd:822]
WARNING: [Synth 8-6014] Unused sequential element sout_V_strb_V_1_sel_rd_reg was removed.  [c:/Users/17578/Documents/ECE_1195_Labs/Lab_6/LAB_6/vivado/lab6/lab6.srcs/sources_1/bd/system/ipshared/6818/hdl/vhdl/hw_conv.vhd:904]
WARNING: [Synth 8-6014] Unused sequential element sout_V_user_V_1_sel_rd_reg was removed.  [c:/Users/17578/Documents/ECE_1195_Labs/Lab_6/LAB_6/vivado/lab6/lab6.srcs/sources_1/bd/system/ipshared/6818/hdl/vhdl/hw_conv.vhd:938]
INFO: [Synth 8-256] done synthesizing module 'hw_conv' (6#1) [c:/Users/17578/Documents/ECE_1195_Labs/Lab_6/LAB_6/vivado/lab6/lab6.srcs/sources_1/bd/system/ipshared/6818/hdl/vhdl/hw_conv.vhd:37]
INFO: [Synth 8-256] done synthesizing module 'system_hw_conv_0_0' (7#1) [c:/Users/17578/Documents/ECE_1195_Labs/Lab_6/LAB_6/vivado/lab6/lab6.srcs/sources_1/bd/system/ip/system_hw_conv_0_0/synth/system_hw_conv_0_0.vhd:81]
WARNING: [Synth 8-3331] design hw_conv_srem_10nsbkb_div_u has unconnected port reset
WARNING: [Synth 8-3331] design hw_conv_lbuf_0 has unconnected port reset
WARNING: [Synth 8-3331] design hw_conv has unconnected port sin_TKEEP[0]
WARNING: [Synth 8-3331] design hw_conv has unconnected port sin_TSTRB[0]
WARNING: [Synth 8-3331] design hw_conv has unconnected port sin_TUSER[0]
WARNING: [Synth 8-3331] design hw_conv has unconnected port sin_TLAST[0]
WARNING: [Synth 8-3331] design hw_conv has unconnected port sin_TID[0]
WARNING: [Synth 8-3331] design hw_conv has unconnected port sin_TDEST[0]
---------------------------------------------------------------------------------
Finished RTL Elaboration : Time (s): cpu = 00:00:07 ; elapsed = 00:00:09 . Memory (MB): peak = 432.438 ; gain = 159.191
---------------------------------------------------------------------------------

Report Check Netlist: 
+------+------------------+-------+---------+-------+------------------+
|      |Item              |Errors |Warnings |Status |Description       |
+------+------------------+-------+---------+-------+------------------+
|1     |multi_driven_nets |      0|        0|Passed |Multi driven nets |
+------+------------------+-------+---------+-------+------------------+
---------------------------------------------------------------------------------
Start Handling Custom Attributes
---------------------------------------------------------------------------------
---------------------------------------------------------------------------------
Finished Handling Custom Attributes : Time (s): cpu = 00:00:07 ; elapsed = 00:00:10 . Memory (MB): peak = 432.438 ; gain = 159.191
---------------------------------------------------------------------------------
---------------------------------------------------------------------------------
Finished RTL Optimization Phase 1 : Time (s): cpu = 00:00:07 ; elapsed = 00:00:10 . Memory (MB): peak = 432.438 ; gain = 159.191
---------------------------------------------------------------------------------
INFO: [Device 21-403] Loading part xc7z020clg400-1
INFO: [Project 1-570] Preparing netlist for logic optimization

Processing XDC Constraints
Initializing timing engine
Parsing XDC File [c:/Users/17578/Documents/ECE_1195_Labs/Lab_6/LAB_6/vivado/lab6/lab6.srcs/sources_1/bd/system/ip/system_hw_conv_0_0/constraints/hw_conv_ooc.xdc] for cell 'U0'
Finished Parsing XDC File [c:/Users/17578/Documents/ECE_1195_Labs/Lab_6/LAB_6/vivado/lab6/lab6.srcs/sources_1/bd/system/ip/system_hw_conv_0_0/constraints/hw_conv_ooc.xdc] for cell 'U0'
Parsing XDC File [C:/Users/17578/Documents/ECE_1195_Labs/Lab_6/LAB_6/vivado/lab6/lab6.runs/system_hw_conv_0_0_synth_1/dont_touch.xdc]
Finished Parsing XDC File [C:/Users/17578/Documents/ECE_1195_Labs/Lab_6/LAB_6/vivado/lab6/lab6.runs/system_hw_conv_0_0_synth_1/dont_touch.xdc]
Completed Processing XDC Constraints

Netlist sorting complete. Time (s): cpu = 00:00:00 ; elapsed = 00:00:00.002 . Memory (MB): peak = 798.449 ; gain = 0.000
INFO: [Project 1-111] Unisim Transformation Summary:
No Unisim elements were transformed.

Netlist sorting complete. Time (s): cpu = 00:00:00 ; elapsed = 00:00:00.002 . Memory (MB): peak = 798.793 ; gain = 0.000
Constraint Validation Runtime : Time (s): cpu = 00:00:00 ; elapsed = 00:00:00.091 . Memory (MB): peak = 799.918 ; gain = 1.469
---------------------------------------------------------------------------------
Finished Constraint Validation : Time (s): cpu = 00:00:21 ; elapsed = 00:00:36 . Memory (MB): peak = 799.918 ; gain = 526.672
---------------------------------------------------------------------------------
---------------------------------------------------------------------------------
Start Loading Part and Timing Information
---------------------------------------------------------------------------------
Loading part: xc7z020clg400-1
---------------------------------------------------------------------------------
Finished Loading Part and Timing Information : Time (s): cpu = 00:00:21 ; elapsed = 00:00:36 . Memory (MB): peak = 799.918 ; gain = 526.672
---------------------------------------------------------------------------------
---------------------------------------------------------------------------------
Start Applying 'set_property' XDC Constraints
---------------------------------------------------------------------------------
Applied set_property DONT_TOUCH = true for U0. (constraint file  C:/Users/17578/Documents/ECE_1195_Labs/Lab_6/LAB_6/vivado/lab6/lab6.runs/system_hw_conv_0_0_synth_1/dont_touch.xdc, line 9).
---------------------------------------------------------------------------------
Finished applying 'set_property' XDC Constraints : Time (s): cpu = 00:00:21 ; elapsed = 00:00:36 . Memory (MB): peak = 799.918 ; gain = 526.672
---------------------------------------------------------------------------------
WARNING: [Synth 8-3936] Found unconnected internal register 'run_proc[8].remd_tmp_reg[9]' and it is trimmed from '10' to '9' bits. [c:/Users/17578/Documents/ECE_1195_Labs/Lab_6/LAB_6/vivado/lab6/lab6.srcs/sources_1/bd/system/ipshared/6818/hdl/vhdl/hw_conv_srem_10nsbkb.vhd:69]
WARNING: [Synth 8-3936] Found unconnected internal register 'run_proc[7].remd_tmp_reg[8]' and it is trimmed from '10' to '9' bits. [c:/Users/17578/Documents/ECE_1195_Labs/Lab_6/LAB_6/vivado/lab6/lab6.srcs/sources_1/bd/system/ipshared/6818/hdl/vhdl/hw_conv_srem_10nsbkb.vhd:69]
WARNING: [Synth 8-3936] Found unconnected internal register 'run_proc[6].remd_tmp_reg[7]' and it is trimmed from '10' to '9' bits. [c:/Users/17578/Documents/ECE_1195_Labs/Lab_6/LAB_6/vivado/lab6/lab6.srcs/sources_1/bd/system/ipshared/6818/hdl/vhdl/hw_conv_srem_10nsbkb.vhd:69]
WARNING: [Synth 8-3936] Found unconnected internal register 'run_proc[5].remd_tmp_reg[6]' and it is trimmed from '10' to '9' bits. [c:/Users/17578/Documents/ECE_1195_Labs/Lab_6/LAB_6/vivado/lab6/lab6.srcs/sources_1/bd/system/ipshared/6818/hdl/vhdl/hw_conv_srem_10nsbkb.vhd:69]
WARNING: [Synth 8-3936] Found unconnected internal register 'run_proc[4].remd_tmp_reg[5]' and it is trimmed from '10' to '9' bits. [c:/Users/17578/Documents/ECE_1195_Labs/Lab_6/LAB_6/vivado/lab6/lab6.srcs/sources_1/bd/system/ipshared/6818/hdl/vhdl/hw_conv_srem_10nsbkb.vhd:69]
WARNING: [Synth 8-3936] Found unconnected internal register 'run_proc[3].remd_tmp_reg[4]' and it is trimmed from '10' to '9' bits. [c:/Users/17578/Documents/ECE_1195_Labs/Lab_6/LAB_6/vivado/lab6/lab6.srcs/sources_1/bd/system/ipshared/6818/hdl/vhdl/hw_conv_srem_10nsbkb.vhd:69]
WARNING: [Synth 8-3936] Found unconnected internal register 'run_proc[2].remd_tmp_reg[3]' and it is trimmed from '10' to '9' bits. [c:/Users/17578/Documents/ECE_1195_Labs/Lab_6/LAB_6/vivado/lab6/lab6.srcs/sources_1/bd/system/ipshared/6818/hdl/vhdl/hw_conv_srem_10nsbkb.vhd:69]
WARNING: [Synth 8-3936] Found unconnected internal register 'run_proc[1].remd_tmp_reg[2]' and it is trimmed from '10' to '9' bits. [c:/Users/17578/Documents/ECE_1195_Labs/Lab_6/LAB_6/vivado/lab6/lab6.srcs/sources_1/bd/system/ipshared/6818/hdl/vhdl/hw_conv_srem_10nsbkb.vhd:69]
WARNING: [Synth 8-3936] Found unconnected internal register 'run_proc[0].remd_tmp_reg[1]' and it is trimmed from '10' to '9' bits. [c:/Users/17578/Documents/ECE_1195_Labs/Lab_6/LAB_6/vivado/lab6/lab6.srcs/sources_1/bd/system/ipshared/6818/hdl/vhdl/hw_conv_srem_10nsbkb.vhd:69]
INFO: [Synth 8-4490] FSM extraction disabled for register 'ap_CS_fsm_reg' through user attribute
INFO: [Synth 8-5546] ROM "exitcond1_fu_307_p2" won't be mapped to RAM because it is too sparse
INFO: [Synth 8-5544] ROM "sin_V_data_V_0_state_cmp_full" won't be mapped to Block RAM because address size (2) smaller than threshold (5)
INFO: [Synth 8-5544] ROM "sout_V_data_V_1_state_cmp_full" won't be mapped to Block RAM because address size (2) smaller than threshold (5)
INFO: [Synth 8-5544] ROM "sout_V_last_V_1_state_cmp_full" won't be mapped to Block RAM because address size (2) smaller than threshold (5)
INFO: [Synth 8-5546] ROM "tmp_last_V_fu_370_p2" won't be mapped to RAM because it is too sparse
---------------------------------------------------------------------------------
Finished RTL Optimization Phase 2 : Time (s): cpu = 00:00:22 ; elapsed = 00:00:37 . Memory (MB): peak = 799.918 ; gain = 526.672
---------------------------------------------------------------------------------

Report RTL Partitions: 
+-+--------------+------------+----------+
| |RTL Partition |Replication |Instances |
+-+--------------+------------+----------+
+-+--------------+------------+----------+
---------------------------------------------------------------------------------
Start RTL Component Statistics 
---------------------------------------------------------------------------------
Detailed RTL Component Info : 
+---Adders : 
	   3 Input     12 Bit       Adders := 1     
	   4 Input     12 Bit       Adders := 1     
	   3 Input     11 Bit       Adders := 40    
	   2 Input     10 Bit       Adders := 20    
	   4 Input     10 Bit       Adders := 1     
	   2 Input      9 Bit       Adders := 1     
	   5 Input      8 Bit       Adders := 1     
+---XORs : 
	   2 Input      1 Bit         XORs := 4     
+---Registers : 
	               28 Bit    Registers := 1     
	               19 Bit    Registers := 1     
	               10 Bit    Registers := 111   
	                9 Bit    Registers := 37    
	                8 Bit    Registers := 22    
	                2 Bit    Registers := 53    
	                1 Bit    Registers := 15    
+---RAMs : 
	               3K Bit         RAMs := 2     
+---Muxes : 
	   3 Input     28 Bit        Muxes := 2     
	   2 Input     28 Bit        Muxes := 1     
	  29 Input     28 Bit        Muxes := 1     
	   2 Input     19 Bit        Muxes := 2     
	   2 Input     18 Bit        Muxes := 1     
	   2 Input     16 Bit        Muxes := 1     
	   2 Input     10 Bit        Muxes := 24    
	   2 Input      9 Bit        Muxes := 38    
	   2 Input      8 Bit        Muxes := 3     
	   2 Input      2 Bit        Muxes := 9     
	   4 Input      2 Bit        Muxes := 9     
	   2 Input      1 Bit        Muxes := 19    
---------------------------------------------------------------------------------
Finished RTL Component Statistics 
---------------------------------------------------------------------------------
---------------------------------------------------------------------------------
Start RTL Hierarchical Component Statistics 
---------------------------------------------------------------------------------
Hierarchical RTL Component report 
Module hw_conv_lbuf_0_ram 
Detailed RTL Component Info : 
+---Registers : 
	                8 Bit    Registers := 1     
+---RAMs : 
	               3K Bit         RAMs := 1     
Module hw_conv_srem_10nsbkb_div_u 
Detailed RTL Component Info : 
+---Adders : 
	   3 Input     11 Bit       Adders := 10    
+---Registers : 
	               10 Bit    Registers := 23    
	                9 Bit    Registers := 9     
	                2 Bit    Registers := 11    
+---Muxes : 
	   2 Input     10 Bit        Muxes := 1     
	   2 Input      9 Bit        Muxes := 9     
Module hw_conv_srem_10nsbkb_div 
Detailed RTL Component Info : 
+---Adders : 
	   2 Input     10 Bit       Adders := 4     
+---XORs : 
	   2 Input      1 Bit         XORs := 1     
+---Registers : 
	               10 Bit    Registers := 4     
+---Muxes : 
	   2 Input     10 Bit        Muxes := 4     
Module hw_conv 
Detailed RTL Component Info : 
+---Adders : 
	   3 Input     12 Bit       Adders := 1     
	   4 Input     12 Bit       Adders := 1     
	   4 Input     10 Bit       Adders := 1     
	   2 Input     10 Bit       Adders := 4     
	   2 Input      9 Bit       Adders := 1     
	   5 Input      8 Bit       Adders := 1     
+---Registers : 
	               28 Bit    Registers := 1     
	               19 Bit    Registers := 1     
	               10 Bit    Registers := 3     
	                9 Bit    Registers := 1     
	                8 Bit    Registers := 20    
	                2 Bit    Registers := 9     
	                1 Bit    Registers := 15    
+---Muxes : 
	   3 Input     28 Bit        Muxes := 2     
	   2 Input     28 Bit        Muxes := 1     
	  29 Input     28 Bit        Muxes := 1     
	   2 Input     19 Bit        Muxes := 2     
	   2 Input     18 Bit        Muxes := 1     
	   2 Input     16 Bit        Muxes := 1     
	   2 Input     10 Bit        Muxes := 4     
	   2 Input      9 Bit        Muxes := 2     
	   2 Input      8 Bit        Muxes := 3     
	   2 Input      2 Bit        Muxes := 9     
	   4 Input      2 Bit        Muxes := 9     
	   2 Input      1 Bit        Muxes := 19    
---------------------------------------------------------------------------------
Finished RTL Hierarchical Component Statistics
---------------------------------------------------------------------------------
---------------------------------------------------------------------------------
Start Part Resource Summary
---------------------------------------------------------------------------------
Part Resources:
DSPs: 220 (col length:60)
BRAMs: 280 (col length: RAMB18 60 RAMB36 30)
---------------------------------------------------------------------------------
Finished Part Resource Summary
---------------------------------------------------------------------------------
---------------------------------------------------------------------------------
Start Cross Boundary and Area Optimization
---------------------------------------------------------------------------------
Warning: Parallel synthesis criteria is not met 
WARNING: [Synth 8-3936] Found unconnected internal register 'hw_conv_srem_10nsbkb_div_U/hw_conv_srem_10nsbkb_div_u_0/run_proc[9].sign_tmp_reg[10]' and it is trimmed from '2' to '1' bits. [c:/Users/17578/Documents/ECE_1195_Labs/Lab_6/LAB_6/vivado/lab6/lab6.srcs/sources_1/bd/system/ipshared/6818/hdl/vhdl/hw_conv_srem_10nsbkb.vhd:78]
WARNING: [Synth 8-3936] Found unconnected internal register 'hw_conv_srem_10nsbkb_div_U/hw_conv_srem_10nsbkb_div_u_0/run_proc[8].sign_tmp_reg[9]' and it is trimmed from '2' to '1' bits. [c:/Users/17578/Documents/ECE_1195_Labs/Lab_6/LAB_6/vivado/lab6/lab6.srcs/sources_1/bd/system/ipshared/6818/hdl/vhdl/hw_conv_srem_10nsbkb.vhd:78]
WARNING: [Synth 8-3936] Found unconnected internal register 'hw_conv_srem_10nsbkb_div_U/hw_conv_srem_10nsbkb_div_u_0/run_proc[7].sign_tmp_reg[8]' and it is trimmed from '2' to '1' bits. [c:/Users/17578/Documents/ECE_1195_Labs/Lab_6/LAB_6/vivado/lab6/lab6.srcs/sources_1/bd/system/ipshared/6818/hdl/vhdl/hw_conv_srem_10nsbkb.vhd:78]
WARNING: [Synth 8-3936] Found unconnected internal register 'hw_conv_srem_10nsbkb_div_U/hw_conv_srem_10nsbkb_div_u_0/run_proc[6].sign_tmp_reg[7]' and it is trimmed from '2' to '1' bits. [c:/Users/17578/Documents/ECE_1195_Labs/Lab_6/LAB_6/vivado/lab6/lab6.srcs/sources_1/bd/system/ipshared/6818/hdl/vhdl/hw_conv_srem_10nsbkb.vhd:78]
WARNING: [Synth 8-3936] Found unconnected internal register 'hw_conv_srem_10nsbkb_div_U/hw_conv_srem_10nsbkb_div_u_0/run_proc[5].sign_tmp_reg[6]' and it is trimmed from '2' to '1' bits. [c:/Users/17578/Documents/ECE_1195_Labs/Lab_6/LAB_6/vivado/lab6/lab6.srcs/sources_1/bd/system/ipshared/6818/hdl/vhdl/hw_conv_srem_10nsbkb.vhd:78]
WARNING: [Synth 8-3936] Found unconnected internal register 'hw_conv_srem_10nsbkb_div_U/hw_conv_srem_10nsbkb_div_u_0/run_proc[4].sign_tmp_reg[5]' and it is trimmed from '2' to '1' bits. [c:/Users/17578/Documents/ECE_1195_Labs/Lab_6/LAB_6/vivado/lab6/lab6.srcs/sources_1/bd/system/ipshared/6818/hdl/vhdl/hw_conv_srem_10nsbkb.vhd:78]
WARNING: [Synth 8-3936] Found unconnected internal register 'hw_conv_srem_10nsbkb_div_U/hw_conv_srem_10nsbkb_div_u_0/run_proc[3].sign_tmp_reg[4]' and it is trimmed from '2' to '1' bits. [c:/Users/17578/Documents/ECE_1195_Labs/Lab_6/LAB_6/vivado/lab6/lab6.srcs/sources_1/bd/system/ipshared/6818/hdl/vhdl/hw_conv_srem_10nsbkb.vhd:78]
WARNING: [Synth 8-3936] Found unconnected internal register 'hw_conv_srem_10nsbkb_div_U/hw_conv_srem_10nsbkb_div_u_0/run_proc[2].sign_tmp_reg[3]' and it is trimmed from '2' to '1' bits. [c:/Users/17578/Documents/ECE_1195_Labs/Lab_6/LAB_6/vivado/lab6/lab6.srcs/sources_1/bd/system/ipshared/6818/hdl/vhdl/hw_conv_srem_10nsbkb.vhd:78]
WARNING: [Synth 8-3936] Found unconnected internal register 'hw_conv_srem_10nsbkb_div_U/hw_conv_srem_10nsbkb_div_u_0/run_proc[1].sign_tmp_reg[2]' and it is trimmed from '2' to '1' bits. [c:/Users/17578/Documents/ECE_1195_Labs/Lab_6/LAB_6/vivado/lab6/lab6.srcs/sources_1/bd/system/ipshared/6818/hdl/vhdl/hw_conv_srem_10nsbkb.vhd:78]
WARNING: [Synth 8-3936] Found unconnected internal register 'hw_conv_srem_10nsbkb_div_U/hw_conv_srem_10nsbkb_div_u_0/run_proc[0].sign_tmp_reg[1]' and it is trimmed from '2' to '1' bits. [c:/Users/17578/Documents/ECE_1195_Labs/Lab_6/LAB_6/vivado/lab6/lab6.srcs/sources_1/bd/system/ipshared/6818/hdl/vhdl/hw_conv_srem_10nsbkb.vhd:78]
WARNING: [Synth 8-3936] Found unconnected internal register 'hw_conv_srem_10nsbkb_div_U/hw_conv_srem_10nsbkb_div_u_0/sign_tmp_reg[0]' and it is trimmed from '2' to '1' bits. [c:/Users/17578/Documents/ECE_1195_Labs/Lab_6/LAB_6/vivado/lab6/lab6.srcs/sources_1/bd/system/ipshared/6818/hdl/vhdl/hw_conv_srem_10nsbkb.vhd:53]
INFO: [Synth 8-5544] ROM "data01" won't be mapped to Block RAM because address size (1) smaller than threshold (5)
INFO: [Synth 8-5544] ROM "data11" won't be mapped to Block RAM because address size (1) smaller than threshold (5)
INFO: [Synth 8-5546] ROM "exitcond1_fu_307_p2" won't be mapped to RAM because it is too sparse
INFO: [Synth 8-5546] ROM "tmp_last_V_fu_370_p2" won't be mapped to RAM because it is too sparse
WARNING: [Synth 8-3331] design hw_conv_srem_10nsbkb has unconnected port reset
WARNING: [Synth 8-3331] design hw_conv has unconnected port sin_TKEEP[0]
WARNING: [Synth 8-3331] design hw_conv has unconnected port sin_TSTRB[0]
WARNING: [Synth 8-3331] design hw_conv has unconnected port sin_TUSER[0]
WARNING: [Synth 8-3331] design hw_conv has unconnected port sin_TLAST[0]
WARNING: [Synth 8-3331] design hw_conv has unconnected port sin_TID[0]
WARNING: [Synth 8-3331] design hw_conv has unconnected port sin_TDEST[0]
INFO: [Synth 8-3886] merging instance 'U0/hw_conv_srem_10nsbkb_U4/hw_conv_srem_10nsbkb_div_U/divisor0_reg[8]' (FDE) to 'U0/hw_conv_srem_10nsbkb_U4/hw_conv_srem_10nsbkb_div_U/divisor0_reg[0]'
INFO: [Synth 8-3886] merging instance 'U0/hw_conv_srem_10nsbkb_U4/hw_conv_srem_10nsbkb_div_U/divisor0_reg[7]' (FDE) to 'U0/hw_conv_srem_10nsbkb_U4/hw_conv_srem_10nsbkb_div_U/divisor0_reg[0]'
INFO: [Synth 8-3886] merging instance 'U0/hw_conv_srem_10nsbkb_U4/hw_conv_srem_10nsbkb_div_U/divisor0_reg[6]' (FDE) to 'U0/hw_conv_srem_10nsbkb_U4/hw_conv_srem_10nsbkb_div_U/divisor0_reg[0]'
INFO: [Synth 8-3886] merging instance 'U0/hw_conv_srem_10nsbkb_U4/hw_conv_srem_10nsbkb_div_U/divisor0_reg[5]' (FDE) to 'U0/hw_conv_srem_10nsbkb_U4/hw_conv_srem_10nsbkb_div_U/divisor0_reg[0]'
INFO: [Synth 8-3886] merging instance 'U0/hw_conv_srem_10nsbkb_U4/hw_conv_srem_10nsbkb_div_U/divisor0_reg[4]' (FDE) to 'U0/hw_conv_srem_10nsbkb_U4/hw_conv_srem_10nsbkb_div_U/divisor0_reg[0]'
INFO: [Synth 8-3886] merging instance 'U0/hw_conv_srem_10nsbkb_U4/hw_conv_srem_10nsbkb_div_U/divisor0_reg[3]' (FDE) to 'U0/hw_conv_srem_10nsbkb_U4/hw_conv_srem_10nsbkb_div_U/divisor0_reg[0]'
INFO: [Synth 8-3886] merging instance 'U0/hw_conv_srem_10nsbkb_U4/hw_conv_srem_10nsbkb_div_U/divisor0_reg[2]' (FDE) to 'U0/hw_conv_srem_10nsbkb_U4/hw_conv_srem_10nsbkb_div_U/divisor0_reg[0]'
INFO: [Synth 8-3886] merging instance 'U0/hw_conv_srem_10nsbkb_U4/hw_conv_srem_10nsbkb_div_U/divisor0_reg[1]' (FDE) to 'U0/hw_conv_srem_10nsbkb_U4/hw_conv_srem_10nsbkb_div_U/divisor0_reg[9]'
INFO: [Synth 8-3333] propagating constant 1 across sequential element (U0/\hw_conv_srem_10nsbkb_U4/hw_conv_srem_10nsbkb_div_U/divisor0_reg[0] )
INFO: [Synth 8-3333] propagating constant 0 across sequential element (U0/\hw_conv_srem_10nsbkb_U4/hw_conv_srem_10nsbkb_div_U/divisor0_reg[9] )
INFO: [Synth 8-3886] merging instance 'U0/hw_conv_srem_10nsbkb_U3/hw_conv_srem_10nsbkb_div_U/divisor0_reg[8]' (FDE) to 'U0/hw_conv_srem_10nsbkb_U3/hw_conv_srem_10nsbkb_div_U/divisor0_reg[0]'
INFO: [Synth 8-3886] merging instance 'U0/hw_conv_srem_10nsbkb_U3/hw_conv_srem_10nsbkb_div_U/divisor0_reg[7]' (FDE) to 'U0/hw_conv_srem_10nsbkb_U3/hw_conv_srem_10nsbkb_div_U/divisor0_reg[0]'
INFO: [Synth 8-3886] merging instance 'U0/hw_conv_srem_10nsbkb_U3/hw_conv_srem_10nsbkb_div_U/divisor0_reg[6]' (FDE) to 'U0/hw_conv_srem_10nsbkb_U3/hw_conv_srem_10nsbkb_div_U/divisor0_reg[0]'
INFO: [Synth 8-3886] merging instance 'U0/hw_conv_srem_10nsbkb_U3/hw_conv_srem_10nsbkb_div_U/divisor0_reg[5]' (FDE) to 'U0/hw_conv_srem_10nsbkb_U3/hw_conv_srem_10nsbkb_div_U/divisor0_reg[0]'
INFO: [Synth 8-3886] merging instance 'U0/hw_conv_srem_10nsbkb_U3/hw_conv_srem_10nsbkb_div_U/divisor0_reg[4]' (FDE) to 'U0/hw_conv_srem_10nsbkb_U3/hw_conv_srem_10nsbkb_div_U/divisor0_reg[0]'
INFO: [Synth 8-3886] merging instance 'U0/hw_conv_srem_10nsbkb_U3/hw_conv_srem_10nsbkb_div_U/divisor0_reg[3]' (FDE) to 'U0/hw_conv_srem_10nsbkb_U3/hw_conv_srem_10nsbkb_div_U/divisor0_reg[0]'
INFO: [Synth 8-3886] merging instance 'U0/hw_conv_srem_10nsbkb_U3/hw_conv_srem_10nsbkb_div_U/divisor0_reg[2]' (FDE) to 'U0/hw_conv_srem_10nsbkb_U3/hw_conv_srem_10nsbkb_div_U/divisor0_reg[0]'
INFO: [Synth 8-3886] merging instance 'U0/hw_conv_srem_10nsbkb_U3/hw_conv_srem_10nsbkb_div_U/divisor0_reg[1]' (FDE) to 'U0/hw_conv_srem_10nsbkb_U3/hw_conv_srem_10nsbkb_div_U/divisor0_reg[9]'
INFO: [Synth 8-3333] propagating constant 1 across sequential element (U0/\hw_conv_srem_10nsbkb_U3/hw_conv_srem_10nsbkb_div_U/divisor0_reg[0] )
INFO: [Synth 8-3333] propagating constant 0 across sequential element (U0/\hw_conv_srem_10nsbkb_U3/hw_conv_srem_10nsbkb_div_U/divisor0_reg[9] )
INFO: [Synth 8-3886] merging instance 'U0/hw_conv_srem_10nsbkb_U4/hw_conv_srem_10nsbkb_div_U/hw_conv_srem_10nsbkb_div_u_0/remd_tmp_reg[0][0]' (FDRE) to 'U0/hw_conv_srem_10nsbkb_U4/hw_conv_srem_10nsbkb_div_U/hw_conv_srem_10nsbkb_div_u_0/remd_tmp_reg[0][1]'
INFO: [Synth 8-3886] merging instance 'U0/hw_conv_srem_10nsbkb_U4/hw_conv_srem_10nsbkb_div_U/hw_conv_srem_10nsbkb_div_u_0/remd_tmp_reg[0][9]' (FDRE) to 'U0/hw_conv_srem_10nsbkb_U4/hw_conv_srem_10nsbkb_div_U/hw_conv_srem_10nsbkb_div_u_0/remd_tmp_reg[0][1]'
INFO: [Synth 8-3886] merging instance 'U0/hw_conv_srem_10nsbkb_U4/hw_conv_srem_10nsbkb_div_U/hw_conv_srem_10nsbkb_div_u_0/remd_tmp_reg[0][1]' (FDRE) to 'U0/hw_conv_srem_10nsbkb_U4/hw_conv_srem_10nsbkb_div_U/hw_conv_srem_10nsbkb_div_u_0/remd_tmp_reg[0][2]'
INFO: [Synth 8-3886] merging instance 'U0/hw_conv_srem_10nsbkb_U4/hw_conv_srem_10nsbkb_div_U/hw_conv_srem_10nsbkb_div_u_0/remd_tmp_reg[0][2]' (FDRE) to 'U0/hw_conv_srem_10nsbkb_U4/hw_conv_srem_10nsbkb_div_U/hw_conv_srem_10nsbkb_div_u_0/remd_tmp_reg[0][3]'
INFO: [Synth 8-3886] merging instance 'U0/hw_conv_srem_10nsbkb_U4/hw_conv_srem_10nsbkb_div_U/hw_conv_srem_10nsbkb_div_u_0/remd_tmp_reg[0][3]' (FDRE) to 'U0/hw_conv_srem_10nsbkb_U4/hw_conv_srem_10nsbkb_div_U/hw_conv_srem_10nsbkb_div_u_0/remd_tmp_reg[0][4]'
INFO: [Synth 8-3886] merging instance 'U0/hw_conv_srem_10nsbkb_U4/hw_conv_srem_10nsbkb_div_U/hw_conv_srem_10nsbkb_div_u_0/remd_tmp_reg[0][4]' (FDRE) to 'U0/hw_conv_srem_10nsbkb_U4/hw_conv_srem_10nsbkb_div_U/hw_conv_srem_10nsbkb_div_u_0/remd_tmp_reg[0][5]'
INFO: [Synth 8-3886] merging instance 'U0/hw_conv_srem_10nsbkb_U4/hw_conv_srem_10nsbkb_div_U/hw_conv_srem_10nsbkb_div_u_0/remd_tmp_reg[0][5]' (FDRE) to 'U0/hw_conv_srem_10nsbkb_U4/hw_conv_srem_10nsbkb_div_U/hw_conv_srem_10nsbkb_div_u_0/remd_tmp_reg[0][6]'
INFO: [Synth 8-3886] merging instance 'U0/hw_conv_srem_10nsbkb_U4/hw_conv_srem_10nsbkb_div_U/hw_conv_srem_10nsbkb_div_u_0/remd_tmp_reg[0][6]' (FDRE) to 'U0/hw_conv_srem_10nsbkb_U4/hw_conv_srem_10nsbkb_div_U/hw_conv_srem_10nsbkb_div_u_0/remd_tmp_reg[0][7]'
INFO: [Synth 8-3886] merging instance 'U0/hw_conv_srem_10nsbkb_U4/hw_conv_srem_10nsbkb_div_U/hw_conv_srem_10nsbkb_div_u_0/remd_tmp_reg[0][7]' (FDRE) to 'U0/hw_conv_srem_10nsbkb_U4/hw_conv_srem_10nsbkb_div_U/hw_conv_srem_10nsbkb_div_u_0/remd_tmp_reg[0][8]'
INFO: [Synth 8-3333] propagating constant 0 across sequential element (U0/\hw_conv_srem_10nsbkb_U4/hw_conv_srem_10nsbkb_div_U/hw_conv_srem_10nsbkb_div_u_0/remd_tmp_reg[0][8] )
INFO: [Synth 8-3886] merging instance 'U0/hw_conv_srem_10nsbkb_U3/hw_conv_srem_10nsbkb_div_U/hw_conv_srem_10nsbkb_div_u_0/remd_tmp_reg[0][0]' (FDRE) to 'U0/hw_conv_srem_10nsbkb_U3/hw_conv_srem_10nsbkb_div_U/hw_conv_srem_10nsbkb_div_u_0/remd_tmp_reg[0][1]'
INFO: [Synth 8-3886] merging instance 'U0/hw_conv_srem_10nsbkb_U3/hw_conv_srem_10nsbkb_div_U/hw_conv_srem_10nsbkb_div_u_0/remd_tmp_reg[0][9]' (FDRE) to 'U0/hw_conv_srem_10nsbkb_U3/hw_conv_srem_10nsbkb_div_U/hw_conv_srem_10nsbkb_div_u_0/remd_tmp_reg[0][1]'
INFO: [Synth 8-3886] merging instance 'U0/hw_conv_srem_10nsbkb_U3/hw_conv_srem_10nsbkb_div_U/hw_conv_srem_10nsbkb_div_u_0/remd_tmp_reg[0][1]' (FDRE) to 'U0/hw_conv_srem_10nsbkb_U3/hw_conv_srem_10nsbkb_div_U/hw_conv_srem_10nsbkb_div_u_0/remd_tmp_reg[0][2]'
INFO: [Synth 8-3886] merging instance 'U0/hw_conv_srem_10nsbkb_U3/hw_conv_srem_10nsbkb_div_U/hw_conv_srem_10nsbkb_div_u_0/remd_tmp_reg[0][2]' (FDRE) to 'U0/hw_conv_srem_10nsbkb_U3/hw_conv_srem_10nsbkb_div_U/hw_conv_srem_10nsbkb_div_u_0/remd_tmp_reg[0][3]'
INFO: [Synth 8-3886] merging instance 'U0/hw_conv_srem_10nsbkb_U3/hw_conv_srem_10nsbkb_div_U/hw_conv_srem_10nsbkb_div_u_0/remd_tmp_reg[0][3]' (FDRE) to 'U0/hw_conv_srem_10nsbkb_U3/hw_conv_srem_10nsbkb_div_U/hw_conv_srem_10nsbkb_div_u_0/remd_tmp_reg[0][4]'
INFO: [Synth 8-3886] merging instance 'U0/hw_conv_srem_10nsbkb_U3/hw_conv_srem_10nsbkb_div_U/hw_conv_srem_10nsbkb_div_u_0/remd_tmp_reg[0][4]' (FDRE) to 'U0/hw_conv_srem_10nsbkb_U3/hw_conv_srem_10nsbkb_div_U/hw_conv_srem_10nsbkb_div_u_0/remd_tmp_reg[0][5]'
INFO: [Synth 8-3886] merging instance 'U0/hw_conv_srem_10nsbkb_U3/hw_conv_srem_10nsbkb_div_U/hw_conv_srem_10nsbkb_div_u_0/remd_tmp_reg[0][5]' (FDRE) to 'U0/hw_conv_srem_10nsbkb_U3/hw_conv_srem_10nsbkb_div_U/hw_conv_srem_10nsbkb_div_u_0/remd_tmp_reg[0][6]'
INFO: [Synth 8-3886] merging instance 'U0/hw_conv_srem_10nsbkb_U3/hw_conv_srem_10nsbkb_div_U/hw_conv_srem_10nsbkb_div_u_0/remd_tmp_reg[0][6]' (FDRE) to 'U0/hw_conv_srem_10nsbkb_U3/hw_conv_srem_10nsbkb_div_U/hw_conv_srem_10nsbkb_div_u_0/remd_tmp_reg[0][7]'
INFO: [Synth 8-3886] merging instance 'U0/hw_conv_srem_10nsbkb_U3/hw_conv_srem_10nsbkb_div_U/hw_conv_srem_10nsbkb_div_u_0/remd_tmp_reg[0][7]' (FDRE) to 'U0/hw_conv_srem_10nsbkb_U3/hw_conv_srem_10nsbkb_div_U/hw_conv_srem_10nsbkb_div_u_0/remd_tmp_reg[0][8]'
INFO: [Synth 8-3333] propagating constant 0 across sequential element (U0/\hw_conv_srem_10nsbkb_U3/hw_conv_srem_10nsbkb_div_U/hw_conv_srem_10nsbkb_div_u_0/remd_tmp_reg[0][8] )
INFO: [Synth 8-3886] merging instance 'U0/hw_conv_srem_10nsbkb_U2/hw_conv_srem_10nsbkb_div_U/divisor0_reg[8]' (FDE) to 'U0/hw_conv_srem_10nsbkb_U2/hw_conv_srem_10nsbkb_div_U/divisor0_reg[0]'
INFO: [Synth 8-3886] merging instance 'U0/hw_conv_srem_10nsbkb_U2/hw_conv_srem_10nsbkb_div_U/divisor0_reg[7]' (FDE) to 'U0/hw_conv_srem_10nsbkb_U2/hw_conv_srem_10nsbkb_div_U/divisor0_reg[0]'
INFO: [Synth 8-3886] merging instance 'U0/hw_conv_srem_10nsbkb_U2/hw_conv_srem_10nsbkb_div_U/divisor0_reg[6]' (FDE) to 'U0/hw_conv_srem_10nsbkb_U2/hw_conv_srem_10nsbkb_div_U/divisor0_reg[0]'
INFO: [Synth 8-3886] merging instance 'U0/hw_conv_srem_10nsbkb_U2/hw_conv_srem_10nsbkb_div_U/divisor0_reg[5]' (FDE) to 'U0/hw_conv_srem_10nsbkb_U2/hw_conv_srem_10nsbkb_div_U/divisor0_reg[0]'
INFO: [Synth 8-3886] merging instance 'U0/hw_conv_srem_10nsbkb_U2/hw_conv_srem_10nsbkb_div_U/divisor0_reg[4]' (FDE) to 'U0/hw_conv_srem_10nsbkb_U2/hw_conv_srem_10nsbkb_div_U/divisor0_reg[0]'
INFO: [Synth 8-3886] merging instance 'U0/hw_conv_srem_10nsbkb_U2/hw_conv_srem_10nsbkb_div_U/divisor0_reg[3]' (FDE) to 'U0/hw_conv_srem_10nsbkb_U2/hw_conv_srem_10nsbkb_div_U/divisor0_reg[0]'
INFO: [Synth 8-3886] merging instance 'U0/hw_conv_srem_10nsbkb_U2/hw_conv_srem_10nsbkb_div_U/divisor0_reg[2]' (FDE) to 'U0/hw_conv_srem_10nsbkb_U2/hw_conv_srem_10nsbkb_div_U/divisor0_reg[0]'
INFO: [Synth 8-3886] merging instance 'U0/hw_conv_srem_10nsbkb_U2/hw_conv_srem_10nsbkb_div_U/divisor0_reg[1]' (FDE) to 'U0/hw_conv_srem_10nsbkb_U2/hw_conv_srem_10nsbkb_div_U/divisor0_reg[9]'
INFO: [Synth 8-3333] propagating constant 1 across sequential element (U0/\hw_conv_srem_10nsbkb_U2/hw_conv_srem_10nsbkb_div_U/divisor0_reg[0] )
INFO: [Synth 8-3333] propagating constant 0 across sequential element (U0/\hw_conv_srem_10nsbkb_U2/hw_conv_srem_10nsbkb_div_U/divisor0_reg[9] )
INFO: [Synth 8-3886] merging instance 'U0/hw_conv_srem_10nsbkb_U1/hw_conv_srem_10nsbkb_div_U/divisor0_reg[8]' (FDE) to 'U0/hw_conv_srem_10nsbkb_U1/hw_conv_srem_10nsbkb_div_U/divisor0_reg[0]'
INFO: [Synth 8-3886] merging instance 'U0/hw_conv_srem_10nsbkb_U1/hw_conv_srem_10nsbkb_div_U/divisor0_reg[7]' (FDE) to 'U0/hw_conv_srem_10nsbkb_U1/hw_conv_srem_10nsbkb_div_U/divisor0_reg[0]'
INFO: [Synth 8-3886] merging instance 'U0/hw_conv_srem_10nsbkb_U1/hw_conv_srem_10nsbkb_div_U/divisor0_reg[6]' (FDE) to 'U0/hw_conv_srem_10nsbkb_U1/hw_conv_srem_10nsbkb_div_U/divisor0_reg[0]'
INFO: [Synth 8-3886] merging instance 'U0/hw_conv_srem_10nsbkb_U1/hw_conv_srem_10nsbkb_div_U/divisor0_reg[5]' (FDE) to 'U0/hw_conv_srem_10nsbkb_U1/hw_conv_srem_10nsbkb_div_U/divisor0_reg[0]'
INFO: [Synth 8-3886] merging instance 'U0/hw_conv_srem_10nsbkb_U1/hw_conv_srem_10nsbkb_div_U/divisor0_reg[4]' (FDE) to 'U0/hw_conv_srem_10nsbkb_U1/hw_conv_srem_10nsbkb_div_U/divisor0_reg[0]'
INFO: [Synth 8-3886] merging instance 'U0/hw_conv_srem_10nsbkb_U1/hw_conv_srem_10nsbkb_div_U/divisor0_reg[3]' (FDE) to 'U0/hw_conv_srem_10nsbkb_U1/hw_conv_srem_10nsbkb_div_U/divisor0_reg[0]'
INFO: [Synth 8-3886] merging instance 'U0/hw_conv_srem_10nsbkb_U1/hw_conv_srem_10nsbkb_div_U/divisor0_reg[2]' (FDE) to 'U0/hw_conv_srem_10nsbkb_U1/hw_conv_srem_10nsbkb_div_U/divisor0_reg[0]'
INFO: [Synth 8-3886] merging instance 'U0/hw_conv_srem_10nsbkb_U1/hw_conv_srem_10nsbkb_div_U/divisor0_reg[1]' (FDE) to 'U0/hw_conv_srem_10nsbkb_U1/hw_conv_srem_10nsbkb_div_U/divisor0_reg[9]'
INFO: [Synth 8-3333] propagating constant 1 across sequential element (U0/\hw_conv_srem_10nsbkb_U1/hw_conv_srem_10nsbkb_div_U/divisor0_reg[0] )
INFO: [Synth 8-3333] propagating constant 0 across sequential element (U0/\hw_conv_srem_10nsbkb_U1/hw_conv_srem_10nsbkb_div_U/divisor0_reg[9] )
INFO: [Synth 8-3886] merging instance 'U0/hw_conv_srem_10nsbkb_U2/hw_conv_srem_10nsbkb_div_U/hw_conv_srem_10nsbkb_div_u_0/remd_tmp_reg[0][0]' (FDRE) to 'U0/hw_conv_srem_10nsbkb_U2/hw_conv_srem_10nsbkb_div_U/hw_conv_srem_10nsbkb_div_u_0/remd_tmp_reg[0][1]'
INFO: [Synth 8-3886] merging instance 'U0/hw_conv_srem_10nsbkb_U2/hw_conv_srem_10nsbkb_div_U/hw_conv_srem_10nsbkb_div_u_0/remd_tmp_reg[0][9]' (FDRE) to 'U0/hw_conv_srem_10nsbkb_U2/hw_conv_srem_10nsbkb_div_U/hw_conv_srem_10nsbkb_div_u_0/remd_tmp_reg[0][1]'
INFO: [Synth 8-3886] merging instance 'U0/hw_conv_srem_10nsbkb_U2/hw_conv_srem_10nsbkb_div_U/hw_conv_srem_10nsbkb_div_u_0/remd_tmp_reg[0][1]' (FDRE) to 'U0/hw_conv_srem_10nsbkb_U2/hw_conv_srem_10nsbkb_div_U/hw_conv_srem_10nsbkb_div_u_0/remd_tmp_reg[0][2]'
INFO: [Synth 8-3886] merging instance 'U0/hw_conv_srem_10nsbkb_U2/hw_conv_srem_10nsbkb_div_U/hw_conv_srem_10nsbkb_div_u_0/remd_tmp_reg[0][2]' (FDRE) to 'U0/hw_conv_srem_10nsbkb_U2/hw_conv_srem_10nsbkb_div_U/hw_conv_srem_10nsbkb_div_u_0/remd_tmp_reg[0][3]'
INFO: [Synth 8-3886] merging instance 'U0/hw_conv_srem_10nsbkb_U2/hw_conv_srem_10nsbkb_div_U/hw_conv_srem_10nsbkb_div_u_0/remd_tmp_reg[0][3]' (FDRE) to 'U0/hw_conv_srem_10nsbkb_U2/hw_conv_srem_10nsbkb_div_U/hw_conv_srem_10nsbkb_div_u_0/remd_tmp_reg[0][4]'
INFO: [Synth 8-3886] merging instance 'U0/hw_conv_srem_10nsbkb_U2/hw_conv_srem_10nsbkb_div_U/hw_conv_srem_10nsbkb_div_u_0/remd_tmp_reg[0][4]' (FDRE) to 'U0/hw_conv_srem_10nsbkb_U2/hw_conv_srem_10nsbkb_div_U/hw_conv_srem_10nsbkb_div_u_0/remd_tmp_reg[0][5]'
INFO: [Synth 8-3886] merging instance 'U0/hw_conv_srem_10nsbkb_U2/hw_conv_srem_10nsbkb_div_U/hw_conv_srem_10nsbkb_div_u_0/remd_tmp_reg[0][5]' (FDRE) to 'U0/hw_conv_srem_10nsbkb_U2/hw_conv_srem_10nsbkb_div_U/hw_conv_srem_10nsbkb_div_u_0/remd_tmp_reg[0][6]'
INFO: [Synth 8-3886] merging instance 'U0/hw_conv_srem_10nsbkb_U2/hw_conv_srem_10nsbkb_div_U/hw_conv_srem_10nsbkb_div_u_0/remd_tmp_reg[0][6]' (FDRE) to 'U0/hw_conv_srem_10nsbkb_U2/hw_conv_srem_10nsbkb_div_U/hw_conv_srem_10nsbkb_div_u_0/remd_tmp_reg[0][7]'
INFO: [Synth 8-3886] merging instance 'U0/hw_conv_srem_10nsbkb_U2/hw_conv_srem_10nsbkb_div_U/hw_conv_srem_10nsbkb_div_u_0/remd_tmp_reg[0][7]' (FDRE) to 'U0/hw_conv_srem_10nsbkb_U2/hw_conv_srem_10nsbkb_div_U/hw_conv_srem_10nsbkb_div_u_0/remd_tmp_reg[0][8]'
INFO: [Synth 8-3333] propagating constant 0 across sequential element (U0/\hw_conv_srem_10nsbkb_U2/hw_conv_srem_10nsbkb_div_U/hw_conv_srem_10nsbkb_div_u_0/remd_tmp_reg[0][8] )
INFO: [Synth 8-3886] merging instance 'U0/hw_conv_srem_10nsbkb_U1/hw_conv_srem_10nsbkb_div_U/hw_conv_srem_10nsbkb_div_u_0/remd_tmp_reg[0][0]' (FDRE) to 'U0/hw_conv_srem_10nsbkb_U1/hw_conv_srem_10nsbkb_div_U/hw_conv_srem_10nsbkb_div_u_0/remd_tmp_reg[0][1]'
INFO: [Synth 8-3886] merging instance 'U0/hw_conv_srem_10nsbkb_U1/hw_conv_srem_10nsbkb_div_U/hw_conv_srem_10nsbkb_div_u_0/remd_tmp_reg[0][9]' (FDRE) to 'U0/hw_conv_srem_10nsbkb_U1/hw_conv_srem_10nsbkb_div_U/hw_conv_srem_10nsbkb_div_u_0/remd_tmp_reg[0][1]'
INFO: [Synth 8-3886] merging instance 'U0/hw_conv_srem_10nsbkb_U1/hw_conv_srem_10nsbkb_div_U/hw_conv_srem_10nsbkb_div_u_0/remd_tmp_reg[0][1]' (FDRE) to 'U0/hw_conv_srem_10nsbkb_U1/hw_conv_srem_10nsbkb_div_U/hw_conv_srem_10nsbkb_div_u_0/remd_tmp_reg[0][2]'
INFO: [Synth 8-3886] merging instance 'U0/hw_conv_srem_10nsbkb_U1/hw_conv_srem_10nsbkb_div_U/hw_conv_srem_10nsbkb_div_u_0/remd_tmp_reg[0][2]' (FDRE) to 'U0/hw_conv_srem_10nsbkb_U1/hw_conv_srem_10nsbkb_div_U/hw_conv_srem_10nsbkb_div_u_0/remd_tmp_reg[0][3]'
INFO: [Synth 8-3886] merging instance 'U0/hw_conv_srem_10nsbkb_U1/hw_conv_srem_10nsbkb_div_U/hw_conv_srem_10nsbkb_div_u_0/remd_tmp_reg[0][3]' (FDRE) to 'U0/hw_conv_srem_10nsbkb_U1/hw_conv_srem_10nsbkb_div_U/hw_conv_srem_10nsbkb_div_u_0/remd_tmp_reg[0][4]'
INFO: [Synth 8-3886] merging instance 'U0/hw_conv_srem_10nsbkb_U1/hw_conv_srem_10nsbkb_div_U/hw_conv_srem_10nsbkb_div_u_0/remd_tmp_reg[0][4]' (FDRE) to 'U0/hw_conv_srem_10nsbkb_U1/hw_conv_srem_10nsbkb_div_U/hw_conv_srem_10nsbkb_div_u_0/remd_tmp_reg[0][5]'
INFO: [Synth 8-3886] merging instance 'U0/hw_conv_srem_10nsbkb_U1/hw_conv_srem_10nsbkb_div_U/hw_conv_srem_10nsbkb_div_u_0/remd_tmp_reg[0][5]' (FDRE) to 'U0/hw_conv_srem_10nsbkb_U1/hw_conv_srem_10nsbkb_div_U/hw_conv_srem_10nsbkb_div_u_0/remd_tmp_reg[0][6]'
INFO: [Synth 8-3886] merging instance 'U0/hw_conv_srem_10nsbkb_U1/hw_conv_srem_10nsbkb_div_U/hw_conv_srem_10nsbkb_div_u_0/remd_tmp_reg[0][6]' (FDRE) to 'U0/hw_conv_srem_10nsbkb_U1/hw_conv_srem_10nsbkb_div_U/hw_conv_srem_10nsbkb_div_u_0/remd_tmp_reg[0][7]'
INFO: [Synth 8-3886] merging instance 'U0/hw_conv_srem_10nsbkb_U1/hw_conv_srem_10nsbkb_div_U/hw_conv_srem_10nsbkb_div_u_0/remd_tmp_reg[0][7]' (FDRE) to 'U0/hw_conv_srem_10nsbkb_U1/hw_conv_srem_10nsbkb_div_U/hw_conv_srem_10nsbkb_div_u_0/remd_tmp_reg[0][8]'
INFO: [Synth 8-3333] propagating constant 0 across sequential element (U0/\hw_conv_srem_10nsbkb_U1/hw_conv_srem_10nsbkb_div_U/hw_conv_srem_10nsbkb_div_u_0/remd_tmp_reg[0][8] )
INFO: [Synth 8-3886] merging instance 'U0/hw_conv_srem_10nsbkb_U4/hw_conv_srem_10nsbkb_div_U/hw_conv_srem_10nsbkb_div_u_0/divisor_tmp_reg[0][0]' (FDE) to 'U0/hw_conv_srem_10nsbkb_U4/hw_conv_srem_10nsbkb_div_U/hw_conv_srem_10nsbkb_div_u_0/divisor_tmp_reg[0][2]'
INFO: [Synth 8-3886] merging instance 'U0/hw_conv_srem_10nsbkb_U4/hw_conv_srem_10nsbkb_div_U/divisor0_reg[0]' (FDE) to 'U0/hw_conv_srem_10nsbkb_U4/hw_conv_srem_10nsbkb_div_U/hw_conv_srem_10nsbkb_div_u_0/divisor_tmp_reg[0][2]'
INFO: [Synth 8-3886] merging instance 'U0/hw_conv_srem_10nsbkb_U3/hw_conv_srem_10nsbkb_div_U/hw_conv_srem_10nsbkb_div_u_0/divisor_tmp_reg[0][0]' (FDE) to 'U0/hw_conv_srem_10nsbkb_U3/hw_conv_srem_10nsbkb_div_U/hw_conv_srem_10nsbkb_div_u_0/divisor_tmp_reg[0][2]'
INFO: [Synth 8-3886] merging instance 'U0/hw_conv_srem_10nsbkb_U3/hw_conv_srem_10nsbkb_div_U/divisor0_reg[0]' (FDE) to 'U0/hw_conv_srem_10nsbkb_U3/hw_conv_srem_10nsbkb_div_U/hw_conv_srem_10nsbkb_div_u_0/divisor_tmp_reg[0][2]'
INFO: [Synth 8-3886] merging instance 'U0/hw_conv_srem_10nsbkb_U4/hw_conv_srem_10nsbkb_div_U/hw_conv_srem_10nsbkb_div_u_0/run_proc[0].divisor_tmp_reg[1][0]' (FDE) to 'U0/hw_conv_srem_10nsbkb_U4/hw_conv_srem_10nsbkb_div_U/hw_conv_srem_10nsbkb_div_u_0/run_proc[0].divisor_tmp_reg[1][2]'
INFO: [Synth 8-3886] merging instance 'U0/hw_conv_srem_10nsbkb_U4/hw_conv_srem_10nsbkb_div_U/hw_conv_srem_10nsbkb_div_u_0/divisor_tmp_reg[0][1]' (FDE) to 'U0/hw_conv_srem_10nsbkb_U4/hw_conv_srem_10nsbkb_div_U/hw_conv_srem_10nsbkb_div_u_0/divisor_tmp_reg[0][9]'
INFO: [Synth 8-3886] merging instance 'U0/hw_conv_srem_10nsbkb_U4/hw_conv_srem_10nsbkb_div_U/divisor0_reg[9]' (FDE) to 'U0/hw_conv_srem_10nsbkb_U4/hw_conv_srem_10nsbkb_div_U/hw_conv_srem_10nsbkb_div_u_0/divisor_tmp_reg[0][9]'
INFO: [Synth 8-3886] merging instance 'U0/hw_conv_srem_10nsbkb_U4/hw_conv_srem_10nsbkb_div_U/hw_conv_srem_10nsbkb_div_u_0/divisor_tmp_reg[0][2]' (FDE) to 'U0/hw_conv_srem_10nsbkb_U4/hw_conv_srem_10nsbkb_div_U/hw_conv_srem_10nsbkb_div_u_0/divisor_tmp_reg[0][3]'
INFO: [Synth 8-3886] merging instance 'U0/hw_conv_srem_10nsbkb_U4/hw_conv_srem_10nsbkb_div_U/hw_conv_srem_10nsbkb_div_u_0/divisor_tmp_reg[0][3]' (FDE) to 'U0/hw_conv_srem_10nsbkb_U4/hw_conv_srem_10nsbkb_div_U/hw_conv_srem_10nsbkb_div_u_0/divisor_tmp_reg[0][4]'
INFO: [Synth 8-3886] merging instance 'U0/hw_conv_srem_10nsbkb_U4/hw_conv_srem_10nsbkb_div_U/hw_conv_srem_10nsbkb_div_u_0/divisor_tmp_reg[0][4]' (FDE) to 'U0/hw_conv_srem_10nsbkb_U4/hw_conv_srem_10nsbkb_div_U/hw_conv_srem_10nsbkb_div_u_0/divisor_tmp_reg[0][5]'
INFO: [Synth 8-3886] merging instance 'U0/hw_conv_srem_10nsbkb_U4/hw_conv_srem_10nsbkb_div_U/hw_conv_srem_10nsbkb_div_u_0/divisor_tmp_reg[0][5]' (FDE) to 'U0/hw_conv_srem_10nsbkb_U4/hw_conv_srem_10nsbkb_div_U/hw_conv_srem_10nsbkb_div_u_0/divisor_tmp_reg[0][6]'
INFO: [Synth 8-3886] merging instance 'U0/hw_conv_srem_10nsbkb_U4/hw_conv_srem_10nsbkb_div_U/hw_conv_srem_10nsbkb_div_u_0/divisor_tmp_reg[0][6]' (FDE) to 'U0/hw_conv_srem_10nsbkb_U4/hw_conv_srem_10nsbkb_div_U/hw_conv_srem_10nsbkb_div_u_0/divisor_tmp_reg[0][7]'
INFO: [Synth 8-3886] merging instance 'U0/hw_conv_srem_10nsbkb_U4/hw_conv_srem_10nsbkb_div_U/hw_conv_srem_10nsbkb_div_u_0/divisor_tmp_reg[0][7]' (FDE) to 'U0/hw_conv_srem_10nsbkb_U4/hw_conv_srem_10nsbkb_div_U/hw_conv_srem_10nsbkb_div_u_0/divisor_tmp_reg[0][8]'
INFO: [Synth 8-3333] propagating constant 1 across sequential element (U0/\hw_conv_srem_10nsbkb_U4/hw_conv_srem_10nsbkb_div_U/hw_conv_srem_10nsbkb_div_u_0/divisor_tmp_reg[0][8] )
INFO: [Synth 8-3333] propagating constant 0 across sequential element (U0/\hw_conv_srem_10nsbkb_U4/hw_conv_srem_10nsbkb_div_U/hw_conv_srem_10nsbkb_div_u_0/divisor_tmp_reg[0][9] )
INFO: [Synth 8-3886] merging instance 'U0/hw_conv_srem_10nsbkb_U3/hw_conv_srem_10nsbkb_div_U/hw_conv_srem_10nsbkb_div_u_0/run_proc[0].divisor_tmp_reg[1][0]' (FDE) to 'U0/hw_conv_srem_10nsbkb_U3/hw_conv_srem_10nsbkb_div_U/hw_conv_srem_10nsbkb_div_u_0/run_proc[0].divisor_tmp_reg[1][2]'
INFO: [Synth 8-3886] merging instance 'U0/hw_conv_srem_10nsbkb_U3/hw_conv_srem_10nsbkb_div_U/hw_conv_srem_10nsbkb_div_u_0/divisor_tmp_reg[0][1]' (FDE) to 'U0/hw_conv_srem_10nsbkb_U3/hw_conv_srem_10nsbkb_div_U/hw_conv_srem_10nsbkb_div_u_0/divisor_tmp_reg[0][9]'
INFO: [Synth 8-3886] merging instance 'U0/hw_conv_srem_10nsbkb_U3/hw_conv_srem_10nsbkb_div_U/divisor0_reg[9]' (FDE) to 'U0/hw_conv_srem_10nsbkb_U3/hw_conv_srem_10nsbkb_div_U/hw_conv_srem_10nsbkb_div_u_0/divisor_tmp_reg[0][9]'
INFO: [Synth 8-3886] merging instance 'U0/hw_conv_srem_10nsbkb_U3/hw_conv_srem_10nsbkb_div_U/hw_conv_srem_10nsbkb_div_u_0/divisor_tmp_reg[0][2]' (FDE) to 'U0/hw_conv_srem_10nsbkb_U3/hw_conv_srem_10nsbkb_div_U/hw_conv_srem_10nsbkb_div_u_0/divisor_tmp_reg[0][3]'
INFO: [Synth 8-3886] merging instance 'U0/hw_conv_srem_10nsbkb_U3/hw_conv_srem_10nsbkb_div_U/hw_conv_srem_10nsbkb_div_u_0/divisor_tmp_reg[0][3]' (FDE) to 'U0/hw_conv_srem_10nsbkb_U3/hw_conv_srem_10nsbkb_div_U/hw_conv_srem_10nsbkb_div_u_0/divisor_tmp_reg[0][4]'
INFO: [Synth 8-3886] merging instance 'U0/hw_conv_srem_10nsbkb_U3/hw_conv_srem_10nsbkb_div_U/hw_conv_srem_10nsbkb_div_u_0/divisor_tmp_reg[0][4]' (FDE) to 'U0/hw_conv_srem_10nsbkb_U3/hw_conv_srem_10nsbkb_div_U/hw_conv_srem_10nsbkb_div_u_0/divisor_tmp_reg[0][5]'
INFO: [Synth 8-3886] merging instance 'U0/hw_conv_srem_10nsbkb_U3/hw_conv_srem_10nsbkb_div_U/hw_conv_srem_10nsbkb_div_u_0/divisor_tmp_reg[0][5]' (FDE) to 'U0/hw_conv_srem_10nsbkb_U3/hw_conv_srem_10nsbkb_div_U/hw_conv_srem_10nsbkb_div_u_0/divisor_tmp_reg[0][6]'
INFO: [Synth 8-3886] merging instance 'U0/hw_conv_srem_10nsbkb_U3/hw_conv_srem_10nsbkb_div_U/hw_conv_srem_10nsbkb_div_u_0/divisor_tmp_reg[0][6]' (FDE) to 'U0/hw_conv_srem_10nsbkb_U3/hw_conv_srem_10nsbkb_div_U/hw_conv_srem_10nsbkb_div_u_0/divisor_tmp_reg[0][7]'
INFO: [Synth 8-3886] merging instance 'U0/hw_conv_srem_10nsbkb_U3/hw_conv_srem_10nsbkb_div_U/hw_conv_srem_10nsbkb_div_u_0/divisor_tmp_reg[0][7]' (FDE) to 'U0/hw_conv_srem_10nsbkb_U3/hw_conv_srem_10nsbkb_div_U/hw_conv_srem_10nsbkb_div_u_0/divisor_tmp_reg[0][8]'
INFO: [Synth 8-3333] propagating constant 1 across sequential element (U0/\hw_conv_srem_10nsbkb_U3/hw_conv_srem_10nsbkb_div_U/hw_conv_srem_10nsbkb_div_u_0/divisor_tmp_reg[0][8] )
INFO: [Synth 8-3333] propagating constant 0 across sequential element (U0/\hw_conv_srem_10nsbkb_U3/hw_conv_srem_10nsbkb_div_U/hw_conv_srem_10nsbkb_div_u_0/divisor_tmp_reg[0][9] )
INFO: [Synth 8-3886] merging instance 'U0/hw_conv_srem_10nsbkb_U2/hw_conv_srem_10nsbkb_div_U/hw_conv_srem_10nsbkb_div_u_0/divisor_tmp_reg[0][0]' (FDE) to 'U0/hw_conv_srem_10nsbkb_U2/hw_conv_srem_10nsbkb_div_U/hw_conv_srem_10nsbkb_div_u_0/divisor_tmp_reg[0][2]'
INFO: [Synth 8-3886] merging instance 'U0/hw_conv_srem_10nsbkb_U2/hw_conv_srem_10nsbkb_div_U/divisor0_reg[0]' (FDE) to 'U0/hw_conv_srem_10nsbkb_U2/hw_conv_srem_10nsbkb_div_U/hw_conv_srem_10nsbkb_div_u_0/divisor_tmp_reg[0][2]'
INFO: [Synth 8-3886] merging instance 'U0/hw_conv_srem_10nsbkb_U1/hw_conv_srem_10nsbkb_div_U/hw_conv_srem_10nsbkb_div_u_0/divisor_tmp_reg[0][0]' (FDE) to 'U0/hw_conv_srem_10nsbkb_U1/hw_conv_srem_10nsbkb_div_U/hw_conv_srem_10nsbkb_div_u_0/divisor_tmp_reg[0][2]'
INFO: [Synth 8-3886] merging instance 'U0/hw_conv_srem_10nsbkb_U1/hw_conv_srem_10nsbkb_div_U/divisor0_reg[0]' (FDE) to 'U0/hw_conv_srem_10nsbkb_U1/hw_conv_srem_10nsbkb_div_U/hw_conv_srem_10nsbkb_div_u_0/divisor_tmp_reg[0][2]'
INFO: [Synth 8-3886] merging instance 'U0/hw_conv_srem_10nsbkb_U4/hw_conv_srem_10nsbkb_div_U/hw_conv_srem_10nsbkb_div_u_0/run_proc[1].divisor_tmp_reg[2][0]' (FDE) to 'U0/hw_conv_srem_10nsbkb_U4/hw_conv_srem_10nsbkb_div_U/hw_conv_srem_10nsbkb_div_u_0/run_proc[1].divisor_tmp_reg[2][2]'
INFO: [Synth 8-3886] merging instance 'U0/hw_conv_srem_10nsbkb_U4/hw_conv_srem_10nsbkb_div_U/hw_conv_srem_10nsbkb_div_u_0/run_proc[0].divisor_tmp_reg[1][1]' (FDE) to 'U0/hw_conv_srem_10nsbkb_U4/hw_conv_srem_10nsbkb_div_U/hw_conv_srem_10nsbkb_div_u_0/run_proc[0].divisor_tmp_reg[1][9]'
INFO: [Synth 8-3886] merging instance 'U0/hw_conv_srem_10nsbkb_U4/hw_conv_srem_10nsbkb_div_U/hw_conv_srem_10nsbkb_div_u_0/run_proc[0].divisor_tmp_reg[1][2]' (FDE) to 'U0/hw_conv_srem_10nsbkb_U4/hw_conv_srem_10nsbkb_div_U/hw_conv_srem_10nsbkb_div_u_0/run_proc[0].divisor_tmp_reg[1][3]'
INFO: [Synth 8-3886] merging instance 'U0/hw_conv_srem_10nsbkb_U4/hw_conv_srem_10nsbkb_div_U/hw_conv_srem_10nsbkb_div_u_0/run_proc[0].divisor_tmp_reg[1][3]' (FDE) to 'U0/hw_conv_srem_10nsbkb_U4/hw_conv_srem_10nsbkb_div_U/hw_conv_srem_10nsbkb_div_u_0/run_proc[0].divisor_tmp_reg[1][4]'
INFO: [Synth 8-3886] merging instance 'U0/hw_conv_srem_10nsbkb_U4/hw_conv_srem_10nsbkb_div_U/hw_conv_srem_10nsbkb_div_u_0/run_proc[0].divisor_tmp_reg[1][4]' (FDE) to 'U0/hw_conv_srem_10nsbkb_U4/hw_conv_srem_10nsbkb_div_U/hw_conv_srem_10nsbkb_div_u_0/run_proc[0].divisor_tmp_reg[1][5]'
INFO: [Synth 8-3886] merging instance 'U0/hw_conv_srem_10nsbkb_U4/hw_conv_srem_10nsbkb_div_U/hw_conv_srem_10nsbkb_div_u_0/run_proc[0].divisor_tmp_reg[1][5]' (FDE) to 'U0/hw_conv_srem_10nsbkb_U4/hw_conv_srem_10nsbkb_div_U/hw_conv_srem_10nsbkb_div_u_0/run_proc[0].divisor_tmp_reg[1][6]'
INFO: [Common 17-14] Message 'Synth 8-3886' appears 100 times and further instances of the messages will be disabled. Use the Tcl command set_msg_config to change the current settings.
INFO: [Synth 8-3333] propagating constant 1 across sequential element (U0/\hw_conv_srem_10nsbkb_U2/hw_conv_srem_10nsbkb_div_U/hw_conv_srem_10nsbkb_div_u_0/divisor_tmp_reg[0][8] )
INFO: [Synth 8-3333] propagating constant 0 across sequential element (U0/\hw_conv_srem_10nsbkb_U2/hw_conv_srem_10nsbkb_div_U/hw_conv_srem_10nsbkb_div_u_0/divisor_tmp_reg[0][9] )
INFO: [Synth 8-3333] propagating constant 1 across sequential element (U0/\hw_conv_srem_10nsbkb_U1/hw_conv_srem_10nsbkb_div_U/hw_conv_srem_10nsbkb_div_u_0/divisor_tmp_reg[0][8] )
INFO: [Synth 8-3333] propagating constant 0 across sequential element (U0/\hw_conv_srem_10nsbkb_U1/hw_conv_srem_10nsbkb_div_U/hw_conv_srem_10nsbkb_div_u_0/divisor_tmp_reg[0][9] )
INFO: [Synth 8-3333] propagating constant 1 across sequential element (U0/\hw_conv_srem_10nsbkb_U4/hw_conv_srem_10nsbkb_div_U/hw_conv_srem_10nsbkb_div_u_0/divisor_tmp_reg[0][8] )
INFO: [Synth 8-3333] propagating constant 0 across sequential element (U0/\hw_conv_srem_10nsbkb_U4/hw_conv_srem_10nsbkb_div_U/hw_conv_srem_10nsbkb_div_u_0/divisor_tmp_reg[0][9] )
INFO: [Synth 8-3333] propagating constant 1 across sequential element (U0/\hw_conv_srem_10nsbkb_U3/hw_conv_srem_10nsbkb_div_U/hw_conv_srem_10nsbkb_div_u_0/divisor_tmp_reg[0][8] )
INFO: [Synth 8-3333] propagating constant 0 across sequential element (U0/\hw_conv_srem_10nsbkb_U3/hw_conv_srem_10nsbkb_div_U/hw_conv_srem_10nsbkb_div_u_0/divisor_tmp_reg[0][9] )
INFO: [Synth 8-3333] propagating constant 1 across sequential element (U0/\hw_conv_srem_10nsbkb_U2/hw_conv_srem_10nsbkb_div_U/hw_conv_srem_10nsbkb_div_u_0/divisor_tmp_reg[0][8] )
INFO: [Synth 8-3333] propagating constant 0 across sequential element (U0/\hw_conv_srem_10nsbkb_U2/hw_conv_srem_10nsbkb_div_U/hw_conv_srem_10nsbkb_div_u_0/divisor_tmp_reg[0][9] )
INFO: [Synth 8-3333] propagating constant 1 across sequential element (U0/\hw_conv_srem_10nsbkb_U1/hw_conv_srem_10nsbkb_div_U/hw_conv_srem_10nsbkb_div_u_0/divisor_tmp_reg[0][8] )
INFO: [Synth 8-3333] propagating constant 0 across sequential element (U0/\hw_conv_srem_10nsbkb_U1/hw_conv_srem_10nsbkb_div_U/hw_conv_srem_10nsbkb_div_u_0/divisor_tmp_reg[0][9] )
INFO: [Synth 8-3333] propagating constant 1 across sequential element (U0/\hw_conv_srem_10nsbkb_U4/hw_conv_srem_10nsbkb_div_U/hw_conv_srem_10nsbkb_div_u_0/divisor_tmp_reg[0][8] )
INFO: [Synth 8-3333] propagating constant 0 across sequential element (U0/\hw_conv_srem_10nsbkb_U4/hw_conv_srem_10nsbkb_div_U/hw_conv_srem_10nsbkb_div_u_0/divisor_tmp_reg[0][9] )
INFO: [Synth 8-3333] propagating constant 1 across sequential element (U0/\hw_conv_srem_10nsbkb_U3/hw_conv_srem_10nsbkb_div_U/hw_conv_srem_10nsbkb_div_u_0/divisor_tmp_reg[0][8] )
INFO: [Synth 8-3333] propagating constant 0 across sequential element (U0/\hw_conv_srem_10nsbkb_U3/hw_conv_srem_10nsbkb_div_U/hw_conv_srem_10nsbkb_div_u_0/divisor_tmp_reg[0][9] )
INFO: [Synth 8-3333] propagating constant 1 across sequential element (U0/\hw_conv_srem_10nsbkb_U2/hw_conv_srem_10nsbkb_div_U/hw_conv_srem_10nsbkb_div_u_0/divisor_tmp_reg[0][8] )
INFO: [Synth 8-3333] propagating constant 0 across sequential element (U0/\hw_conv_srem_10nsbkb_U2/hw_conv_srem_10nsbkb_div_U/hw_conv_srem_10nsbkb_div_u_0/divisor_tmp_reg[0][9] )
INFO: [Synth 8-3333] propagating constant 1 across sequential element (U0/\hw_conv_srem_10nsbkb_U1/hw_conv_srem_10nsbkb_div_U/hw_conv_srem_10nsbkb_div_u_0/divisor_tmp_reg[0][8] )
INFO: [Synth 8-3333] propagating constant 0 across sequential element (U0/\hw_conv_srem_10nsbkb_U1/hw_conv_srem_10nsbkb_div_U/hw_conv_srem_10nsbkb_div_u_0/divisor_tmp_reg[0][9] )
INFO: [Synth 8-3333] propagating constant 1 across sequential element (U0/\hw_conv_srem_10nsbkb_U4/hw_conv_srem_10nsbkb_div_U/hw_conv_srem_10nsbkb_div_u_0/divisor_tmp_reg[0][8] )
INFO: [Synth 8-3333] propagating constant 0 across sequential element (U0/\hw_conv_srem_10nsbkb_U4/hw_conv_srem_10nsbkb_div_U/hw_conv_srem_10nsbkb_div_u_0/divisor_tmp_reg[0][9] )
INFO: [Synth 8-3333] propagating constant 1 across sequential element (U0/\hw_conv_srem_10nsbkb_U3/hw_conv_srem_10nsbkb_div_U/hw_conv_srem_10nsbkb_div_u_0/divisor_tmp_reg[0][8] )
INFO: [Synth 8-3333] propagating constant 0 across sequential element (U0/\hw_conv_srem_10nsbkb_U3/hw_conv_srem_10nsbkb_div_U/hw_conv_srem_10nsbkb_div_u_0/divisor_tmp_reg[0][9] )
INFO: [Synth 8-3333] propagating constant 1 across sequential element (U0/\hw_conv_srem_10nsbkb_U2/hw_conv_srem_10nsbkb_div_U/hw_conv_srem_10nsbkb_div_u_0/divisor_tmp_reg[0][8] )
INFO: [Synth 8-3333] propagating constant 0 across sequential element (U0/\hw_conv_srem_10nsbkb_U2/hw_conv_srem_10nsbkb_div_U/hw_conv_srem_10nsbkb_div_u_0/divisor_tmp_reg[0][9] )
INFO: [Synth 8-3333] propagating constant 1 across sequential element (U0/\hw_conv_srem_10nsbkb_U1/hw_conv_srem_10nsbkb_div_U/hw_conv_srem_10nsbkb_div_u_0/divisor_tmp_reg[0][8] )
INFO: [Synth 8-3333] propagating constant 0 across sequential element (U0/\hw_conv_srem_10nsbkb_U1/hw_conv_srem_10nsbkb_div_U/hw_conv_srem_10nsbkb_div_u_0/divisor_tmp_reg[0][9] )
INFO: [Synth 8-3333] propagating constant 1 across sequential element (U0/\hw_conv_srem_10nsbkb_U4/hw_conv_srem_10nsbkb_div_U/hw_conv_srem_10nsbkb_div_u_0/divisor_tmp_reg[0][8] )
INFO: [Synth 8-3333] propagating constant 0 across sequential element (U0/\hw_conv_srem_10nsbkb_U4/hw_conv_srem_10nsbkb_div_U/hw_conv_srem_10nsbkb_div_u_0/divisor_tmp_reg[0][9] )
INFO: [Synth 8-3333] propagating constant 1 across sequential element (U0/\hw_conv_srem_10nsbkb_U3/hw_conv_srem_10nsbkb_div_U/hw_conv_srem_10nsbkb_div_u_0/divisor_tmp_reg[0][8] )
INFO: [Synth 8-3333] propagating constant 0 across sequential element (U0/\hw_conv_srem_10nsbkb_U3/hw_conv_srem_10nsbkb_div_U/hw_conv_srem_10nsbkb_div_u_0/divisor_tmp_reg[0][9] )
INFO: [Synth 8-3333] propagating constant 1 across sequential element (U0/\hw_conv_srem_10nsbkb_U2/hw_conv_srem_10nsbkb_div_U/hw_conv_srem_10nsbkb_div_u_0/divisor_tmp_reg[0][8] )
INFO: [Synth 8-3333] propagating constant 0 across sequential element (U0/\hw_conv_srem_10nsbkb_U2/hw_conv_srem_10nsbkb_div_U/hw_conv_srem_10nsbkb_div_u_0/divisor_tmp_reg[0][9] )
INFO: [Synth 8-3333] propagating constant 1 across sequential element (U0/\hw_conv_srem_10nsbkb_U1/hw_conv_srem_10nsbkb_div_U/hw_conv_srem_10nsbkb_div_u_0/divisor_tmp_reg[0][8] )
INFO: [Synth 8-3333] propagating constant 0 across sequential element (U0/\hw_conv_srem_10nsbkb_U1/hw_conv_srem_10nsbkb_div_U/hw_conv_srem_10nsbkb_div_u_0/divisor_tmp_reg[0][9] )
INFO: [Synth 8-3333] propagating constant 1 across sequential element (U0/\hw_conv_srem_10nsbkb_U4/hw_conv_srem_10nsbkb_div_U/hw_conv_srem_10nsbkb_div_u_0/divisor_tmp_reg[0][8] )
INFO: [Synth 8-3333] propagating constant 0 across sequential element (U0/\hw_conv_srem_10nsbkb_U4/hw_conv_srem_10nsbkb_div_U/hw_conv_srem_10nsbkb_div_u_0/divisor_tmp_reg[0][9] )
INFO: [Synth 8-3333] propagating constant 1 across sequential element (U0/\hw_conv_srem_10nsbkb_U3/hw_conv_srem_10nsbkb_div_U/hw_conv_srem_10nsbkb_div_u_0/divisor_tmp_reg[0][8] )
INFO: [Synth 8-3333] propagating constant 0 across sequential element (U0/\hw_conv_srem_10nsbkb_U3/hw_conv_srem_10nsbkb_div_U/hw_conv_srem_10nsbkb_div_u_0/divisor_tmp_reg[0][9] )
INFO: [Synth 8-3333] propagating constant 1 across sequential element (U0/\hw_conv_srem_10nsbkb_U2/hw_conv_srem_10nsbkb_div_U/hw_conv_srem_10nsbkb_div_u_0/divisor_tmp_reg[0][8] )
INFO: [Synth 8-3333] propagating constant 0 across sequential element (U0/\hw_conv_srem_10nsbkb_U2/hw_conv_srem_10nsbkb_div_U/hw_conv_srem_10nsbkb_div_u_0/divisor_tmp_reg[0][9] )
INFO: [Synth 8-3333] propagating constant 1 across sequential element (U0/\hw_conv_srem_10nsbkb_U1/hw_conv_srem_10nsbkb_div_U/hw_conv_srem_10nsbkb_div_u_0/divisor_tmp_reg[0][8] )
INFO: [Synth 8-3333] propagating constant 0 across sequential element (U0/\hw_conv_srem_10nsbkb_U1/hw_conv_srem_10nsbkb_div_U/hw_conv_srem_10nsbkb_div_u_0/divisor_tmp_reg[0][9] )
INFO: [Synth 8-3333] propagating constant 1 across sequential element (U0/\hw_conv_srem_10nsbkb_U4/hw_conv_srem_10nsbkb_div_U/hw_conv_srem_10nsbkb_div_u_0/divisor_tmp_reg[0][8] )
INFO: [Synth 8-3333] propagating constant 0 across sequential element (U0/\hw_conv_srem_10nsbkb_U4/hw_conv_srem_10nsbkb_div_U/hw_conv_srem_10nsbkb_div_u_0/divisor_tmp_reg[0][9] )
INFO: [Synth 8-3333] propagating constant 1 across sequential element (U0/\hw_conv_srem_10nsbkb_U3/hw_conv_srem_10nsbkb_div_U/hw_conv_srem_10nsbkb_div_u_0/divisor_tmp_reg[0][8] )
INFO: [Synth 8-3333] propagating constant 0 across sequential element (U0/\hw_conv_srem_10nsbkb_U3/hw_conv_srem_10nsbkb_div_U/hw_conv_srem_10nsbkb_div_u_0/divisor_tmp_reg[0][9] )
INFO: [Synth 8-3333] propagating constant 1 across sequential element (U0/\hw_conv_srem_10nsbkb_U2/hw_conv_srem_10nsbkb_div_U/hw_conv_srem_10nsbkb_div_u_0/divisor_tmp_reg[0][8] )
INFO: [Synth 8-3333] propagating constant 0 across sequential element (U0/\hw_conv_srem_10nsbkb_U2/hw_conv_srem_10nsbkb_div_U/hw_conv_srem_10nsbkb_div_u_0/divisor_tmp_reg[0][9] )
INFO: [Synth 8-3333] propagating constant 1 across sequential element (U0/\hw_conv_srem_10nsbkb_U1/hw_conv_srem_10nsbkb_div_U/hw_conv_srem_10nsbkb_div_u_0/divisor_tmp_reg[0][8] )
INFO: [Synth 8-3333] propagating constant 0 across sequential element (U0/\hw_conv_srem_10nsbkb_U1/hw_conv_srem_10nsbkb_div_U/hw_conv_srem_10nsbkb_div_u_0/divisor_tmp_reg[0][9] )
INFO: [Synth 8-3333] propagating constant 1 across sequential element (U0/\hw_conv_srem_10nsbkb_U4/hw_conv_srem_10nsbkb_div_U/hw_conv_srem_10nsbkb_div_u_0/divisor_tmp_reg[0][8] )
INFO: [Synth 8-3333] propagating constant 0 across sequential element (U0/\hw_conv_srem_10nsbkb_U4/hw_conv_srem_10nsbkb_div_U/hw_conv_srem_10nsbkb_div_u_0/divisor_tmp_reg[0][9] )
INFO: [Synth 8-3333] propagating constant 1 across sequential element (U0/\hw_conv_srem_10nsbkb_U3/hw_conv_srem_10nsbkb_div_U/hw_conv_srem_10nsbkb_div_u_0/divisor_tmp_reg[0][8] )
INFO: [Synth 8-3333] propagating constant 0 across sequential element (U0/\hw_conv_srem_10nsbkb_U3/hw_conv_srem_10nsbkb_div_U/hw_conv_srem_10nsbkb_div_u_0/divisor_tmp_reg[0][9] )
INFO: [Synth 8-3333] propagating constant 1 across sequential element (U0/\hw_conv_srem_10nsbkb_U2/hw_conv_srem_10nsbkb_div_U/hw_conv_srem_10nsbkb_div_u_0/divisor_tmp_reg[0][8] )
INFO: [Synth 8-3333] propagating constant 0 across sequential element (U0/\hw_conv_srem_10nsbkb_U2/hw_conv_srem_10nsbkb_div_U/hw_conv_srem_10nsbkb_div_u_0/divisor_tmp_reg[0][9] )
INFO: [Synth 8-3333] propagating constant 1 across sequential element (U0/\hw_conv_srem_10nsbkb_U1/hw_conv_srem_10nsbkb_div_U/hw_conv_srem_10nsbkb_div_u_0/divisor_tmp_reg[0][8] )
INFO: [Synth 8-3333] propagating constant 0 across sequential element (U0/\hw_conv_srem_10nsbkb_U1/hw_conv_srem_10nsbkb_div_U/hw_conv_srem_10nsbkb_div_u_0/divisor_tmp_reg[0][9] )
INFO: [Synth 8-3333] propagating constant 1 across sequential element (U0/\hw_conv_srem_10nsbkb_U4/hw_conv_srem_10nsbkb_div_U/hw_conv_srem_10nsbkb_div_u_0/divisor_tmp_reg[0][8] )
INFO: [Synth 8-3333] propagating constant 0 across sequential element (U0/\hw_conv_srem_10nsbkb_U4/hw_conv_srem_10nsbkb_div_U/hw_conv_srem_10nsbkb_div_u_0/divisor_tmp_reg[0][9] )
INFO: [Synth 8-3333] propagating constant 1 across sequential element (U0/\hw_conv_srem_10nsbkb_U3/hw_conv_srem_10nsbkb_div_U/hw_conv_srem_10nsbkb_div_u_0/divisor_tmp_reg[0][8] )
INFO: [Synth 8-3333] propagating constant 0 across sequential element (U0/\hw_conv_srem_10nsbkb_U3/hw_conv_srem_10nsbkb_div_U/hw_conv_srem_10nsbkb_div_u_0/divisor_tmp_reg[0][9] )
INFO: [Synth 8-3333] propagating constant 1 across sequential element (U0/\hw_conv_srem_10nsbkb_U2/hw_conv_srem_10nsbkb_div_U/hw_conv_srem_10nsbkb_div_u_0/divisor_tmp_reg[0][8] )
INFO: [Synth 8-3333] propagating constant 0 across sequential element (U0/\hw_conv_srem_10nsbkb_U2/hw_conv_srem_10nsbkb_div_U/hw_conv_srem_10nsbkb_div_u_0/divisor_tmp_reg[0][9] )
INFO: [Synth 8-3333] propagating constant 1 across sequential element (U0/\hw_conv_srem_10nsbkb_U1/hw_conv_srem_10nsbkb_div_U/hw_conv_srem_10nsbkb_div_u_0/divisor_tmp_reg[0][8] )
INFO: [Synth 8-3333] propagating constant 0 across sequential element (U0/\hw_conv_srem_10nsbkb_U1/hw_conv_srem_10nsbkb_div_U/hw_conv_srem_10nsbkb_div_u_0/divisor_tmp_reg[0][9] )
INFO: [Synth 8-3333] propagating constant 1 across sequential element (U0/\hw_conv_srem_10nsbkb_U4/hw_conv_srem_10nsbkb_div_U/hw_conv_srem_10nsbkb_div_u_0/divisor_tmp_reg[0][8] )
INFO: [Synth 8-3333] propagating constant 0 across sequential element (U0/\hw_conv_srem_10nsbkb_U4/hw_conv_srem_10nsbkb_div_U/hw_conv_srem_10nsbkb_div_u_0/divisor_tmp_reg[0][9] )
INFO: [Synth 8-3333] propagating constant 1 across sequential element (U0/\hw_conv_srem_10nsbkb_U3/hw_conv_srem_10nsbkb_div_U/hw_conv_srem_10nsbkb_div_u_0/divisor_tmp_reg[0][8] )
INFO: [Synth 8-3333] propagating constant 0 across sequential element (U0/\hw_conv_srem_10nsbkb_U3/hw_conv_srem_10nsbkb_div_U/hw_conv_srem_10nsbkb_div_u_0/divisor_tmp_reg[0][9] )
INFO: [Synth 8-3333] propagating constant 1 across sequential element (U0/\hw_conv_srem_10nsbkb_U2/hw_conv_srem_10nsbkb_div_U/hw_conv_srem_10nsbkb_div_u_0/divisor_tmp_reg[0][8] )
INFO: [Synth 8-3333] propagating constant 0 across sequential element (U0/\hw_conv_srem_10nsbkb_U2/hw_conv_srem_10nsbkb_div_U/hw_conv_srem_10nsbkb_div_u_0/divisor_tmp_reg[0][9] )
INFO: [Synth 8-3333] propagating constant 1 across sequential element (U0/\hw_conv_srem_10nsbkb_U1/hw_conv_srem_10nsbkb_div_U/hw_conv_srem_10nsbkb_div_u_0/divisor_tmp_reg[0][8] )
INFO: [Synth 8-3333] propagating constant 0 across sequential element (U0/\hw_conv_srem_10nsbkb_U1/hw_conv_srem_10nsbkb_div_U/hw_conv_srem_10nsbkb_div_u_0/divisor_tmp_reg[0][9] )
---------------------------------------------------------------------------------
Finished Cross Boundary and Area Optimization : Time (s): cpu = 00:00:27 ; elapsed = 00:00:43 . Memory (MB): peak = 799.918 ; gain = 526.672
---------------------------------------------------------------------------------
---------------------------------------------------------------------------------
Start ROM, RAM, DSP and Shift Register Reporting
---------------------------------------------------------------------------------

Block RAM: Preliminary Mapping  Report (see note below)
+--------------------+------------+------------------------+---+---+------------------------+---+---+------------------+--------+--------+
|Module Name         | RTL Object | PORT A (Depth x Width) | W | R | PORT B (Depth x Width) | W | R | Ports driving FF | RAMB18 | RAMB36 | 
+--------------------+------------+------------------------+---+---+------------------------+---+---+------------------+--------+--------+
|hw_conv_lbuf_0_ram: | ram_reg    | 512 x 8(WRITE_FIRST)   | W | R |                        |   |   | Port A           | 1      | 0      | 
|hw_conv_lbuf_0_ram: | ram_reg    | 512 x 8(WRITE_FIRST)   | W | R |                        |   |   | Port A           | 1      | 0      | 
+--------------------+------------+------------------------+---+---+------------------------+---+---+------------------+--------+--------+

Note: The table above is a preliminary report that shows the Block RAMs at the current stage of the synthesis flow. Some Block RAMs may be reimplemented as non Block RAM primitives later in the synthesis flow. Multiple instantiated Block RAMs are reported only once. 
---------------------------------------------------------------------------------
Finished ROM, RAM, DSP and Shift Register Reporting
---------------------------------------------------------------------------------
INFO: [Synth 8-6837] The timing for the instance U0/i_2_0/lbuf_0_U/hw_conv_lbuf_0_ram_U/ram_reg (implemented as a Block RAM) might be sub-optimal as no optional output register could be merged into the block ram. Providing additional output register may help in improving timing.
INFO: [Synth 8-6837] The timing for the instance U0/i_2_1/lbuf_1_U/hw_conv_lbuf_0_ram_U/ram_reg (implemented as a Block RAM) might be sub-optimal as no optional output register could be merged into the block ram. Providing additional output register may help in improving timing.

Report RTL Partitions: 
+-+--------------+------------+----------+
| |RTL Partition |Replication |Instances |
+-+--------------+------------+----------+
+-+--------------+------------+----------+
---------------------------------------------------------------------------------
Start Applying XDC Timing Constraints
---------------------------------------------------------------------------------
---------------------------------------------------------------------------------
Finished Applying XDC Timing Constraints : Time (s): cpu = 00:00:42 ; elapsed = 00:00:59 . Memory (MB): peak = 799.918 ; gain = 526.672
---------------------------------------------------------------------------------
---------------------------------------------------------------------------------
Start Timing Optimization
---------------------------------------------------------------------------------
---------------------------------------------------------------------------------
Finished Timing Optimization : Time (s): cpu = 00:00:43 ; elapsed = 00:01:00 . Memory (MB): peak = 808.715 ; gain = 535.469
---------------------------------------------------------------------------------
---------------------------------------------------------------------------------
Start ROM, RAM, DSP and Shift Register Reporting
---------------------------------------------------------------------------------

Block RAM: Final Mapping  Report
+--------------------+------------+------------------------+---+---+------------------------+---+---+------------------+--------+--------+
|Module Name         | RTL Object | PORT A (Depth x Width) | W | R | PORT B (Depth x Width) | W | R | Ports driving FF | RAMB18 | RAMB36 | 
+--------------------+------------+------------------------+---+---+------------------------+---+---+------------------+--------+--------+
|hw_conv_lbuf_0_ram: | ram_reg    | 512 x 8(WRITE_FIRST)   | W | R |                        |   |   | Port A           | 1      | 0      | 
|hw_conv_lbuf_0_ram: | ram_reg    | 512 x 8(WRITE_FIRST)   | W | R |                        |   |   | Port A           | 1      | 0      | 
+--------------------+------------+------------------------+---+---+------------------------+---+---+------------------+--------+--------+

---------------------------------------------------------------------------------
Finished ROM, RAM, DSP and Shift Register Reporting
---------------------------------------------------------------------------------

Report RTL Partitions: 
+-+--------------+------------+----------+
| |RTL Partition |Replication |Instances |
+-+--------------+------------+----------+
+-+--------------+------------+----------+
---------------------------------------------------------------------------------
Start Technology Mapping
---------------------------------------------------------------------------------
INFO: [Synth 8-6837] The timing for the instance U0/lbuf_0_U/hw_conv_lbuf_0_ram_U/ram_reg (implemented as a Block RAM) might be sub-optimal as no optional output register could be merged into the block ram. Providing additional output register may help in improving timing.
INFO: [Synth 8-6837] The timing for the instance U0/lbuf_1_U/hw_conv_lbuf_0_ram_U/ram_reg (implemented as a Block RAM) might be sub-optimal as no optional output register could be merged into the block ram. Providing additional output register may help in improving timing.
---------------------------------------------------------------------------------
Finished Technology Mapping : Time (s): cpu = 00:00:44 ; elapsed = 00:01:01 . Memory (MB): peak = 813.871 ; gain = 540.625
---------------------------------------------------------------------------------

Report RTL Partitions: 
+-+--------------+------------+----------+
| |RTL Partition |Replication |Instances |
+-+--------------+------------+----------+
+-+--------------+------------+----------+
---------------------------------------------------------------------------------
Start IO Insertion
---------------------------------------------------------------------------------
---------------------------------------------------------------------------------
Start Flattening Before IO Insertion
---------------------------------------------------------------------------------
---------------------------------------------------------------------------------
Finished Flattening Before IO Insertion
---------------------------------------------------------------------------------
---------------------------------------------------------------------------------
Start Final Netlist Cleanup
---------------------------------------------------------------------------------
---------------------------------------------------------------------------------
Finished Final Netlist Cleanup
---------------------------------------------------------------------------------
---------------------------------------------------------------------------------
Finished IO Insertion : Time (s): cpu = 00:00:46 ; elapsed = 00:01:02 . Memory (MB): peak = 813.871 ; gain = 540.625
---------------------------------------------------------------------------------

Report Check Netlist: 
+------+------------------+-------+---------+-------+------------------+
|      |Item              |Errors |Warnings |Status |Description       |
+------+------------------+-------+---------+-------+------------------+
|1     |multi_driven_nets |      0|        0|Passed |Multi driven nets |
+------+------------------+-------+---------+-------+------------------+
---------------------------------------------------------------------------------
Start Renaming Generated Instances
---------------------------------------------------------------------------------
---------------------------------------------------------------------------------
Finished Renaming Generated Instances : Time (s): cpu = 00:00:46 ; elapsed = 00:01:02 . Memory (MB): peak = 813.871 ; gain = 540.625
---------------------------------------------------------------------------------

Report RTL Partitions: 
+-+--------------+------------+----------+
| |RTL Partition |Replication |Instances |
+-+--------------+------------+----------+
+-+--------------+------------+----------+
---------------------------------------------------------------------------------
Start Rebuilding User Hierarchy
---------------------------------------------------------------------------------
---------------------------------------------------------------------------------
Finished Rebuilding User Hierarchy : Time (s): cpu = 00:00:46 ; elapsed = 00:01:02 . Memory (MB): peak = 813.871 ; gain = 540.625
---------------------------------------------------------------------------------
---------------------------------------------------------------------------------
Start Renaming Generated Ports
---------------------------------------------------------------------------------
---------------------------------------------------------------------------------
Finished Renaming Generated Ports : Time (s): cpu = 00:00:46 ; elapsed = 00:01:02 . Memory (MB): peak = 813.871 ; gain = 540.625
---------------------------------------------------------------------------------
---------------------------------------------------------------------------------
Start Handling Custom Attributes
---------------------------------------------------------------------------------
---------------------------------------------------------------------------------
Finished Handling Custom Attributes : Time (s): cpu = 00:00:46 ; elapsed = 00:01:02 . Memory (MB): peak = 813.871 ; gain = 540.625
---------------------------------------------------------------------------------
---------------------------------------------------------------------------------
Start Renaming Generated Nets
---------------------------------------------------------------------------------
---------------------------------------------------------------------------------
Finished Renaming Generated Nets : Time (s): cpu = 00:00:46 ; elapsed = 00:01:02 . Memory (MB): peak = 813.871 ; gain = 540.625
---------------------------------------------------------------------------------
---------------------------------------------------------------------------------
Start ROM, RAM, DSP and Shift Register Reporting
---------------------------------------------------------------------------------

Static Shift Register Report:
+------------+--------------------------------------------------------------------------------------------------------------------+--------+-------+--------------+--------------------+-------------------+--------+---------+
|Module Name | RTL Name                                                                                                           | Length | Width | Reset Signal | Pull out first Reg | Pull out last Reg | SRL16E | SRLC32E | 
+------------+--------------------------------------------------------------------------------------------------------------------+--------+-------+--------------+--------------------+-------------------+--------+---------+
|hw_conv     | hw_conv_srem_10nsbkb_U1/hw_conv_srem_10nsbkb_div_U/hw_conv_srem_10nsbkb_div_u_0/run_proc[7].dividend_tmp_reg[8][9] | 9      | 9     | NO           | NO                 | YES               | 9      | 0       | 
|hw_conv     | hw_conv_srem_10nsbkb_U1/hw_conv_srem_10nsbkb_div_U/hw_conv_srem_10nsbkb_div_u_0/run_proc[8].dividend_tmp_reg[9][9] | 10     | 1     | NO           | NO                 | YES               | 1      | 0       | 
|hw_conv     | hw_conv_srem_10nsbkb_U1/hw_conv_srem_10nsbkb_div_U/hw_conv_srem_10nsbkb_div_u_0/run_proc[9].sign_tmp_reg[10][0]    | 11     | 1     | NO           | NO                 | YES               | 1      | 0       | 
|hw_conv     | hw_conv_srem_10nsbkb_U2/hw_conv_srem_10nsbkb_div_U/hw_conv_srem_10nsbkb_div_u_0/run_proc[7].dividend_tmp_reg[8][9] | 9      | 9     | NO           | NO                 | YES               | 9      | 0       | 
|hw_conv     | hw_conv_srem_10nsbkb_U2/hw_conv_srem_10nsbkb_div_U/hw_conv_srem_10nsbkb_div_u_0/run_proc[8].dividend_tmp_reg[9][9] | 10     | 1     | NO           | NO                 | YES               | 1      | 0       | 
|hw_conv     | hw_conv_srem_10nsbkb_U2/hw_conv_srem_10nsbkb_div_U/hw_conv_srem_10nsbkb_div_u_0/run_proc[9].sign_tmp_reg[10][0]    | 11     | 1     | NO           | NO                 | YES               | 1      | 0       | 
|hw_conv     | hw_conv_srem_10nsbkb_U3/hw_conv_srem_10nsbkb_div_U/hw_conv_srem_10nsbkb_div_u_0/run_proc[7].dividend_tmp_reg[8][9] | 9      | 9     | NO           | NO                 | YES               | 9      | 0       | 
|hw_conv     | hw_conv_srem_10nsbkb_U3/hw_conv_srem_10nsbkb_div_U/hw_conv_srem_10nsbkb_div_u_0/run_proc[8].dividend_tmp_reg[9][9] | 10     | 1     | NO           | NO                 | YES               | 1      | 0       | 
|hw_conv     | hw_conv_srem_10nsbkb_U3/hw_conv_srem_10nsbkb_div_U/hw_conv_srem_10nsbkb_div_u_0/run_proc[9].sign_tmp_reg[10][0]    | 11     | 1     | NO           | NO                 | YES               | 1      | 0       | 
|hw_conv     | hw_conv_srem_10nsbkb_U4/hw_conv_srem_10nsbkb_div_U/hw_conv_srem_10nsbkb_div_u_0/run_proc[7].dividend_tmp_reg[8][9] | 9      | 9     | NO           | NO                 | YES               | 9      | 0       | 
|hw_conv     | hw_conv_srem_10nsbkb_U4/hw_conv_srem_10nsbkb_div_U/hw_conv_srem_10nsbkb_div_u_0/run_proc[8].dividend_tmp_reg[9][9] | 10     | 1     | NO           | NO                 | YES               | 1      | 0       | 
|hw_conv     | hw_conv_srem_10nsbkb_U4/hw_conv_srem_10nsbkb_div_U/hw_conv_srem_10nsbkb_div_u_0/run_proc[9].sign_tmp_reg[10][0]    | 11     | 1     | NO           | NO                 | YES               | 1      | 0       | 
+------------+--------------------------------------------------------------------------------------------------------------------+--------+-------+--------------+--------------------+-------------------+--------+---------+

---------------------------------------------------------------------------------
Finished ROM, RAM, DSP and Shift Register Reporting
---------------------------------------------------------------------------------
---------------------------------------------------------------------------------
Start Writing Synthesis Report
---------------------------------------------------------------------------------

Report BlackBoxes: 
+-+--------------+----------+
| |BlackBox name |Instances |
+-+--------------+----------+
+-+--------------+----------+

Report Cell Usage: 
+------+---------+------+
|      |Cell     |Count |
+------+---------+------+
|1     |CARRY4   |    45|
|2     |LUT1     |    15|
|3     |LUT2     |    34|
|4     |LUT3     |   192|
|5     |LUT4     |    78|
|6     |LUT5     |   122|
|7     |LUT6     |    81|
|8     |RAMB18E1 |     2|
|9     |SRL16E   |    44|
|10    |FDRE     |   481|
|11    |FDSE     |    17|
+------+---------+------+

Report Instance Areas: 
+------+-------------------------------------+------------------------------+------+
|      |Instance                             |Module                        |Cells |
+------+-------------------------------------+------------------------------+------+
|1     |top                                  |                              |  1111|
|2     |  U0                                 |hw_conv                       |  1111|
|3     |    hw_conv_srem_10nsbkb_U1          |hw_conv_srem_10nsbkb          |   132|
|4     |      hw_conv_srem_10nsbkb_div_U     |hw_conv_srem_10nsbkb_div_9    |   132|
|5     |        hw_conv_srem_10nsbkb_div_u_0 |hw_conv_srem_10nsbkb_div_u_10 |    92|
|6     |    hw_conv_srem_10nsbkb_U2          |hw_conv_srem_10nsbkb_0        |   142|
|7     |      hw_conv_srem_10nsbkb_div_U     |hw_conv_srem_10nsbkb_div_7    |   142|
|8     |        hw_conv_srem_10nsbkb_div_u_0 |hw_conv_srem_10nsbkb_div_u_8  |    96|
|9     |    hw_conv_srem_10nsbkb_U3          |hw_conv_srem_10nsbkb_1        |   131|
|10    |      hw_conv_srem_10nsbkb_div_U     |hw_conv_srem_10nsbkb_div_5    |   131|
|11    |        hw_conv_srem_10nsbkb_div_u_0 |hw_conv_srem_10nsbkb_div_u_6  |    96|
|12    |    hw_conv_srem_10nsbkb_U4          |hw_conv_srem_10nsbkb_2        |   130|
|13    |      hw_conv_srem_10nsbkb_div_U     |hw_conv_srem_10nsbkb_div      |   130|
|14    |        hw_conv_srem_10nsbkb_div_u_0 |hw_conv_srem_10nsbkb_div_u    |    92|
|15    |    lbuf_0_U                         |hw_conv_lbuf_0                |    39|
|16    |      hw_conv_lbuf_0_ram_U           |hw_conv_lbuf_0_ram_4          |    39|
|17    |    lbuf_1_U                         |hw_conv_lbuf_0_3              |    14|
|18    |      hw_conv_lbuf_0_ram_U           |hw_conv_lbuf_0_ram            |    14|
+------+-------------------------------------+------------------------------+------+
---------------------------------------------------------------------------------
Finished Writing Synthesis Report : Time (s): cpu = 00:00:46 ; elapsed = 00:01:02 . Memory (MB): peak = 813.871 ; gain = 540.625
---------------------------------------------------------------------------------
Synthesis finished with 0 errors, 0 critical warnings and 27 warnings.
Synthesis Optimization Runtime : Time (s): cpu = 00:00:29 ; elapsed = 00:00:40 . Memory (MB): peak = 813.871 ; gain = 173.145
Synthesis Optimization Complete : Time (s): cpu = 00:00:46 ; elapsed = 00:01:03 . Memory (MB): peak = 813.871 ; gain = 540.625
INFO: [Project 1-571] Translating synthesized netlist
INFO: [Netlist 29-17] Analyzing 47 Unisim elements for replacement
INFO: [Netlist 29-28] Unisim Transformation completed in 0 CPU seconds
INFO: [Project 1-570] Preparing netlist for logic optimization
INFO: [Opt 31-138] Pushed 0 inverter(s) to 0 load pin(s).
Netlist sorting complete. Time (s): cpu = 00:00:00 ; elapsed = 00:00:00.001 . Memory (MB): peak = 813.871 ; gain = 0.000
INFO: [Project 1-111] Unisim Transformation Summary:
No Unisim elements were transformed.

INFO: [Common 17-83] Releasing license: Synthesis
274 Infos, 42 Warnings, 0 Critical Warnings and 0 Errors encountered.
synth_design completed successfully
synth_design: Time (s): cpu = 00:00:49 ; elapsed = 00:01:06 . Memory (MB): peak = 813.871 ; gain = 542.672
Netlist sorting complete. Time (s): cpu = 00:00:00 ; elapsed = 00:00:00.001 . Memory (MB): peak = 813.871 ; gain = 0.000
WARNING: [Constraints 18-5210] No constraints selected for write.
Resolution: This message can indicate that there are no constraints for the design, or it can indicate that the used_in flags are set such that the constraints are ignored. This later case is used when running synth_design to not write synthesis constraints to the resulting checkpoint. Instead, project constraints are read when the synthesized design is opened.
INFO: [Common 17-1381] The checkpoint 'C:/Users/17578/Documents/ECE_1195_Labs/Lab_6/LAB_6/vivado/lab6/lab6.runs/system_hw_conv_0_0_synth_1/system_hw_conv_0_0.dcp' has been generated.
INFO: [Coretcl 2-1648] Added synthesis output to IP cache for IP system_hw_conv_0_0, cache-ID = 35a8ff3132932878
INFO: [Coretcl 2-1174] Renamed 17 cell refs.
Netlist sorting complete. Time (s): cpu = 00:00:00 ; elapsed = 00:00:00.001 . Memory (MB): peak = 813.871 ; gain = 0.000
WARNING: [Constraints 18-5210] No constraints selected for write.
Resolution: This message can indicate that there are no constraints for the design, or it can indicate that the used_in flags are set such that the constraints are ignored. This later case is used when running synth_design to not write synthesis constraints to the resulting checkpoint. Instead, project constraints are read when the synthesized design is opened.
INFO: [Common 17-1381] The checkpoint 'C:/Users/17578/Documents/ECE_1195_Labs/Lab_6/LAB_6/vivado/lab6/lab6.runs/system_hw_conv_0_0_synth_1/system_hw_conv_0_0.dcp' has been generated.
INFO: [runtcl-4] Executing : report_utilization -file system_hw_conv_0_0_utilization_synth.rpt -pb system_hw_conv_0_0_utilization_synth.pb
INFO: [Common 17-206] Exiting Vivado at Sat Dec  4 21:26:06 2021...
